<?xml version="1.0" encoding="utf-8"?>
<CoverageSession xmlns:xsd="http://www.w3.org/2001/XMLSchema" xmlns:xsi="http://www.w3.org/2001/XMLSchema-instance" Version="4.7.922.0">
  <Summary numSequencePoints="1596" visitedSequencePoints="772" numBranchPoints="1162" visitedBranchPoints="472" sequenceCoverage="48.37" branchCoverage="40.62" maxCyclomaticComplexity="22" minCyclomaticComplexity="1" maxCrapScore="342" minCrapScore="1" visitedClasses="33" numClasses="60" visitedMethods="261" numMethods="440" />
  <Modules>
    <Module skippedDueTo="Filter" hash="12-69-33-A7-F1-C5-21-E9-9E-EA-59-DD-FB-B9-71-19-A1-B4-63-66">
      <ModulePath>c:\program files\dotnet\shared\Microsoft.NETCore.App\3.1.10\System.Private.CoreLib.dll</ModulePath>
      <ModuleTime>2020-10-16T18:18:00Z</ModuleTime>
      <ModuleName>System.Private.CoreLib</ModuleName>
      <Classes />
    </Module>
    <Module skippedDueTo="MissingPdb" hash="35-00-39-2B-99-C6-57-9F-66-D4-09-95-D9-39-B9-C7-F6-5D-BF-79">
      <ModulePath>c:\program files\dotnet\sdk\3.1.404\dotnet.dll</ModulePath>
      <ModuleTime>2020-10-22T01:42:52Z</ModuleTime>
      <ModuleName>dotnet</ModuleName>
      <Classes />
    </Module>
    <Module skippedDueTo="Filter" hash="1A-9E-0C-C2-20-42-56-0E-12-E8-DA-9A-9D-14-37-FF-52-03-95-1E">
      <ModulePath>c:\program files\dotnet\shared\Microsoft.NETCore.App\3.1.10\System.Runtime.dll</ModulePath>
      <ModuleTime>2020-10-19T18:22:58Z</ModuleTime>
      <ModuleName>System.Runtime</ModuleName>
      <Classes />
    </Module>
    <Module skippedDueTo="MissingPdb" hash="5E-7F-84-DF-AE-0B-BB-B0-FF-50-C8-52-43-EC-D4-2D-82-96-DE-5B">
      <ModulePath>c:\program files\dotnet\sdk\3.1.404\Microsoft.DotNet.Cli.Utils.dll</ModulePath>
      <ModuleTime>2020-10-22T01:42:56Z</ModuleTime>
      <ModuleName>Microsoft.DotNet.Cli.Utils</ModuleName>
      <Classes />
    </Module>
    <Module skippedDueTo="Filter" hash="DA-2A-97-F6-AB-CF-3F-37-3F-F0-8A-C0-85-32-54-89-9F-F6-53-E0">
      <ModulePath>c:\program files\dotnet\shared\Microsoft.NETCore.App\3.1.10\System.Runtime.Extensions.dll</ModulePath>
      <ModuleTime>2020-10-19T18:23:00Z</ModuleTime>
      <ModuleName>System.Runtime.Extensions</ModuleName>
      <Classes />
    </Module>
    <Module skippedDueTo="Filter" hash="3F-F5-6E-CE-86-1B-17-9D-17-56-8E-5B-FB-58-05-3C-D3-54-6D-D8">
      <ModulePath>c:\program files\dotnet\shared\Microsoft.NETCore.App\3.1.10\System.Runtime.Loader.dll</ModulePath>
      <ModuleTime>2020-10-19T18:23:02Z</ModuleTime>
      <ModuleName>System.Runtime.Loader</ModuleName>
      <Classes />
    </Module>
    <Module skippedDueTo="MissingPdb" hash="F3-36-9A-6C-7B-F3-D1-57-78-30-9E-0C-DA-D9-A5-16-66-B6-53-DB">
      <ModulePath>c:\program files\dotnet\sdk\3.1.404\Microsoft.DotNet.PlatformAbstractions.dll</ModulePath>
      <ModuleTime>2020-10-22T01:42:58Z</ModuleTime>
      <ModuleName>Microsoft.DotNet.PlatformAbstractions</ModuleName>
      <Classes />
    </Module>
    <Module skippedDueTo="MissingPdb" hash="7B-7B-96-4B-CE-03-CB-B8-DA-28-EA-FB-D8-B1-DD-7F-28-46-70-11">
      <ModulePath>c:\program files\dotnet\shared\Microsoft.NETCore.App\3.1.10\netstandard.dll</ModulePath>
      <ModuleTime>2020-10-19T18:22:36Z</ModuleTime>
      <ModuleName>netstandard</ModuleName>
      <Classes />
    </Module>
    <Module skippedDueTo="Filter" hash="4C-C4-67-53-83-52-AB-2A-9B-31-4A-CA-A0-13-F3-3B-EB-A5-34-4A">
      <ModulePath>c:\program files\dotnet\shared\Microsoft.NETCore.App\3.1.10\System.Runtime.InteropServices.RuntimeInformation.dll</ModulePath>
      <ModuleTime>2020-10-19T18:23:00Z</ModuleTime>
      <ModuleName>System.Runtime.InteropServices.RuntimeInformation</ModuleName>
      <Classes />
    </Module>
    <Module skippedDueTo="Filter" hash="A4-47-4D-5B-7D-B1-B1-30-92-13-31-F4-97-39-B9-18-8C-D2-25-90">
      <ModulePath>c:\program files\dotnet\shared\Microsoft.NETCore.App\3.1.10\System.IO.FileSystem.dll</ModulePath>
      <ModuleTime>2020-10-19T18:22:40Z</ModuleTime>
      <ModuleName>System.IO.FileSystem</ModuleName>
      <Classes />
    </Module>
    <Module skippedDueTo="Filter" hash="F2-7C-26-2D-CB-F7-47-72-A0-D9-BA-C2-E8-05-FE-46-55-8D-5A-E5">
      <ModulePath>c:\program files\dotnet\shared\Microsoft.NETCore.App\3.1.10\System.Runtime.InteropServices.dll</ModulePath>
      <ModuleTime>2020-10-19T18:23:00Z</ModuleTime>
      <ModuleName>System.Runtime.InteropServices</ModuleName>
      <Classes />
    </Module>
    <Module skippedDueTo="Filter" hash="BF-F2-24-A2-EF-50-46-81-1A-E7-41-3D-3E-2D-06-76-06-7A-09-DD">
      <ModulePath>c:\program files\dotnet\shared\Microsoft.NETCore.App\3.1.10\System.Memory.dll</ModulePath>
      <ModuleTime>2020-10-19T18:23:10Z</ModuleTime>
      <ModuleName>System.Memory</ModuleName>
      <Classes />
    </Module>
    <Module skippedDueTo="Filter" hash="82-B8-D6-5A-61-CF-34-B6-60-8F-3C-1C-D9-2C-6F-86-7B-68-64-AE">
      <ModulePath>c:\program files\dotnet\shared\Microsoft.NETCore.App\3.1.10\System.Threading.dll</ModulePath>
      <ModuleTime>2020-10-19T18:23:06Z</ModuleTime>
      <ModuleName>System.Threading</ModuleName>
      <Classes />
    </Module>
    <Module skippedDueTo="Filter" hash="BD-25-66-E8-82-5F-2D-2F-5A-72-FB-D8-5A-06-D5-CF-C3-F4-0E-AF">
      <ModulePath>c:\program files\dotnet\shared\Microsoft.NETCore.App\3.1.10\System.Text.Encoding.CodePages.dll</ModulePath>
      <ModuleTime>2020-10-19T18:23:06Z</ModuleTime>
      <ModuleName>System.Text.Encoding.CodePages</ModuleName>
      <Classes />
    </Module>
    <Module skippedDueTo="Filter" hash="37-BA-20-C6-4A-63-6E-F7-8E-BD-1E-0F-36-D6-8C-5A-5E-79-38-14">
      <ModulePath>c:\program files\dotnet\shared\Microsoft.NETCore.App\3.1.10\System.Collections.dll</ModulePath>
      <ModuleTime>2020-10-19T18:22:36Z</ModuleTime>
      <ModuleName>System.Collections</ModuleName>
      <Classes />
    </Module>
    <Module skippedDueTo="Filter" hash="C4-AF-17-21-F7-89-66-F7-16-6B-96-49-7A-FC-E4-51-7D-45-E2-D9">
      <ModulePath>c:\program files\dotnet\shared\Microsoft.NETCore.App\3.1.10\System.Collections.Concurrent.dll</ModulePath>
      <ModuleTime>2020-10-19T18:22:38Z</ModuleTime>
      <ModuleName>System.Collections.Concurrent</ModuleName>
      <Classes />
    </Module>
    <Module skippedDueTo="Filter" hash="8A-08-48-31-A0-A1-45-6D-E3-16-A5-78-11-40-43-BB-66-78-40-4D">
      <ModulePath>c:\program files\dotnet\shared\Microsoft.NETCore.App\3.1.10\System.Threading.Thread.dll</ModulePath>
      <ModuleTime>2020-10-19T18:22:40Z</ModuleTime>
      <ModuleName>System.Threading.Thread</ModuleName>
      <Classes />
    </Module>
    <Module skippedDueTo="MissingPdb" hash="D0-46-D8-53-F0-29-D4-68-3A-51-1B-32-9E-1A-56-B1-59-C3-12-D9">
      <ModulePath>c:\program files\dotnet\sdk\3.1.404\Microsoft.DotNet.Configurer.dll</ModulePath>
      <ModuleTime>2020-10-22T01:42:58Z</ModuleTime>
      <ModuleName>Microsoft.DotNet.Configurer</ModuleName>
      <Classes />
    </Module>
    <Module skippedDueTo="MissingPdb" hash="03-4E-E7-B6-6B-4F-C0-81-C5-1E-58-0E-B3-36-FB-39-C8-48-35-01">
      <ModulePath>c:\program files\dotnet\sdk\3.1.404\Microsoft.DotNet.Cli.CommandLine.dll</ModulePath>
      <ModuleTime>2020-10-22T01:42:56Z</ModuleTime>
      <ModuleName>Microsoft.DotNet.Cli.CommandLine</ModuleName>
      <Classes />
    </Module>
    <Module skippedDueTo="Filter" hash="CA-E0-6F-BE-DF-CF-91-61-85-DE-32-8A-1A-61-C1-B3-9B-71-83-32">
      <ModulePath>c:\program files\dotnet\shared\Microsoft.NETCore.App\3.1.10\System.Diagnostics.Process.dll</ModulePath>
      <ModuleTime>2020-10-19T18:23:06Z</ModuleTime>
      <ModuleName>System.Diagnostics.Process</ModuleName>
      <Classes />
    </Module>
    <Module skippedDueTo="MissingPdb" hash="56-69-DC-0C-C0-16-85-91-31-8A-28-E2-5F-50-3D-E6-9A-69-E2-03">
      <ModulePath>c:\program files\dotnet\sdk\3.1.404\Microsoft.DotNet.InternalAbstractions.dll</ModulePath>
      <ModuleTime>2020-10-22T01:42:56Z</ModuleTime>
      <ModuleName>Microsoft.DotNet.InternalAbstractions</ModuleName>
      <Classes />
    </Module>
    <Module skippedDueTo="Filter" hash="1A-3A-A4-9D-C4-E9-95-A7-A5-02-F5-AD-75-E1-03-FF-BE-83-44-12">
      <ModulePath>c:\program files\dotnet\shared\Microsoft.NETCore.App\3.1.10\System.Linq.dll</ModulePath>
      <ModuleTime>2020-10-19T18:23:08Z</ModuleTime>
      <ModuleName>System.Linq</ModuleName>
      <Classes />
    </Module>
    <Module skippedDueTo="MissingPdb" hash="A0-32-F7-69-97-50-A1-AC-0A-0B-06-95-C9-3E-D1-2F-8E-DD-31-7E">
      <ModulePath>c:\program files\dotnet\sdk\3.1.404\NuGet.Frameworks.dll</ModulePath>
      <ModuleTime>2020-10-22T01:43:02Z</ModuleTime>
      <ModuleName>NuGet.Frameworks</ModuleName>
      <Classes />
    </Module>
    <Module skippedDueTo="Filter" hash="CB-85-DE-FB-96-3E-20-14-0E-0C-B4-0B-EB-BA-C1-AB-F5-53-3D-83">
      <ModulePath>c:\program files\dotnet\shared\Microsoft.NETCore.App\3.1.10\System.Console.dll</ModulePath>
      <ModuleTime>2020-10-19T18:22:38Z</ModuleTime>
      <ModuleName>System.Console</ModuleName>
      <Classes />
    </Module>
    <Module skippedDueTo="Filter" hash="12-D8-4D-52-F5-0A-5E-E4-67-74-E1-49-6E-70-6F-81-B0-12-9E-B1">
      <ModulePath>c:\program files\dotnet\shared\Microsoft.NETCore.App\3.1.10\System.Text.Encoding.Extensions.dll</ModulePath>
      <ModuleTime>2020-10-19T18:23:04Z</ModuleTime>
      <ModuleName>System.Text.Encoding.Extensions</ModuleName>
      <Classes />
    </Module>
    <Module skippedDueTo="Filter" hash="79-C8-72-50-12-37-3B-A1-D2-15-E3-17-7C-72-D1-66-D7-CE-8D-6A">
      <ModulePath>c:\program files\dotnet\shared\Microsoft.NETCore.App\3.1.10\System.Runtime.CompilerServices.Unsafe.dll</ModulePath>
      <ModuleTime>2020-10-19T18:22:58Z</ModuleTime>
      <ModuleName>System.Runtime.CompilerServices.Unsafe</ModuleName>
      <Classes />
    </Module>
    <Module skippedDueTo="MissingPdb" hash="72-55-4F-98-CF-41-18-E3-20-C9-56-83-A7-3D-67-BE-AA-1E-7F-F2">
      <ModulePath>c:\program files\dotnet\sdk\3.1.404\Microsoft.ApplicationInsights.dll</ModulePath>
      <ModuleTime>2020-10-22T01:42:56Z</ModuleTime>
      <ModuleName>Microsoft.ApplicationInsights</ModuleName>
      <Classes />
    </Module>
    <Module skippedDueTo="Filter" hash="59-04-4E-0D-7E-6E-EA-4D-72-40-76-49-D2-7E-CC-5F-42-DF-64-97">
      <ModulePath>c:\program files\dotnet\shared\Microsoft.NETCore.App\3.1.10\System.Security.Cryptography.Algorithms.dll</ModulePath>
      <ModuleTime>2020-10-19T18:23:04Z</ModuleTime>
      <ModuleName>System.Security.Cryptography.Algorithms</ModuleName>
      <Classes />
    </Module>
    <Module skippedDueTo="Filter" hash="F6-52-07-73-D8-55-54-3A-31-54-54-67-C5-02-59-AF-9E-C1-CE-48">
      <ModulePath>c:\program files\dotnet\shared\Microsoft.NETCore.App\3.1.10\System.Buffers.dll</ModulePath>
      <ModuleTime>2020-10-19T18:23:02Z</ModuleTime>
      <ModuleName>System.Buffers</ModuleName>
      <Classes />
    </Module>
    <Module skippedDueTo="Filter" hash="1C-FC-78-50-0F-11-08-35-03-53-6D-15-C0-BD-2A-5B-24-78-82-6F">
      <ModulePath>c:\program files\dotnet\shared\Microsoft.NETCore.App\3.1.10\System.Private.Uri.dll</ModulePath>
      <ModuleTime>2020-10-19T18:22:56Z</ModuleTime>
      <ModuleName>System.Private.Uri</ModuleName>
      <Classes />
    </Module>
    <Module skippedDueTo="Filter" hash="33-93-24-B7-CE-F8-5F-8B-39-90-DC-9F-64-13-AA-44-60-A7-57-60">
      <ModulePath>c:\program files\dotnet\shared\Microsoft.NETCore.App\3.1.10\System.Security.Cryptography.Primitives.dll</ModulePath>
      <ModuleTime>2020-10-19T18:23:02Z</ModuleTime>
      <ModuleName>System.Security.Cryptography.Primitives</ModuleName>
      <Classes />
    </Module>
    <Module skippedDueTo="Filter" hash="7A-1A-7A-CC-DD-D4-BE-67-B3-47-A6-AB-A4-38-DD-0F-FD-0F-95-0D">
      <ModulePath>c:\program files\dotnet\shared\Microsoft.NETCore.App\3.1.10\System.Reflection.Extensions.dll</ModulePath>
      <ModuleTime>2020-10-19T18:22:32Z</ModuleTime>
      <ModuleName>System.Reflection.Extensions</ModuleName>
      <Classes />
    </Module>
    <Module skippedDueTo="MissingPdb" hash="A2-7B-B3-87-E8-EE-73-AC-60-81-10-61-5C-E0-0B-6B-7A-4A-D0-0C">
      <ModulePath>c:\program files\dotnet\sdk\3.1.404\Microsoft.TemplateEngine.Cli.dll</ModulePath>
      <ModuleTime>2020-10-22T01:43:00Z</ModuleTime>
      <ModuleName>Microsoft.TemplateEngine.Cli</ModuleName>
      <Classes />
    </Module>
    <Module skippedDueTo="Filter" hash="23-49-E6-89-56-87-96-35-03-12-C7-33-C6-3E-3A-D8-63-D0-BD-F0">
      <ModulePath>c:\program files\dotnet\shared\Microsoft.NETCore.App\3.1.10\System.Reflection.dll</ModulePath>
      <ModuleTime>2020-10-19T18:22:58Z</ModuleTime>
      <ModuleName>System.Reflection</ModuleName>
      <Classes />
    </Module>
    <Module skippedDueTo="Filter" hash="96-EC-21-D7-21-1F-AD-16-AA-BF-0D-4A-34-19-1B-A0-AF-7A-EE-50">
      <ModulePath>c:\program files\dotnet\shared\Microsoft.NETCore.App\3.1.10\System.Xml.XDocument.dll</ModulePath>
      <ModuleTime>2020-10-19T18:22:38Z</ModuleTime>
      <ModuleName>System.Xml.XDocument</ModuleName>
      <Classes />
    </Module>
    <Module skippedDueTo="Filter" hash="D6-30-0A-8E-93-E5-0A-10-D7-7F-F1-3A-29-3C-F2-74-86-BB-FB-E4">
      <ModulePath>c:\program files\dotnet\shared\Microsoft.NETCore.App\3.1.10\System.Resources.ResourceManager.dll</ModulePath>
      <ModuleTime>2020-10-19T18:22:56Z</ModuleTime>
      <ModuleName>System.Resources.ResourceManager</ModuleName>
      <Classes />
    </Module>
    <Module skippedDueTo="Filter" hash="92-52-C8-D4-85-8B-DB-36-14-9F-8B-E4-37-A0-40-C0-6B-47-9B-F8">
      <ModulePath>c:\program files\dotnet\shared\Microsoft.NETCore.App\3.1.10\System.Private.Xml.Linq.dll</ModulePath>
      <ModuleTime>2020-10-19T18:22:56Z</ModuleTime>
      <ModuleName>System.Private.Xml.Linq</ModuleName>
      <Classes />
    </Module>
    <Module skippedDueTo="Filter" hash="02-7E-B4-47-B8-77-8D-A6-1E-B8-CE-F0-AC-82-CB-29-78-E3-27-A4">
      <ModulePath>c:\program files\dotnet\shared\Microsoft.NETCore.App\3.1.10\System.Private.Xml.dll</ModulePath>
      <ModuleTime>2020-10-19T18:22:56Z</ModuleTime>
      <ModuleName>System.Private.Xml</ModuleName>
      <Classes />
    </Module>
    <Module skippedDueTo="Filter" hash="CB-A5-AC-8D-7C-92-30-87-74-B0-EA-66-27-35-52-E8-F8-EF-20-22">
      <ModulePath>c:\program files\dotnet\shared\Microsoft.NETCore.App\3.1.10\System.Text.RegularExpressions.dll</ModulePath>
      <ModuleTime>2020-10-19T18:23:08Z</ModuleTime>
      <ModuleName>System.Text.RegularExpressions</ModuleName>
      <Classes />
    </Module>
    <Module skippedDueTo="Filter" hash="8A-E6-E5-E6-A7-53-B9-C3-4E-D3-5F-5A-B7-04-24-AA-71-ED-32-EF">
      <ModulePath>c:\program files\dotnet\shared\Microsoft.NETCore.App\3.1.10\System.Xml.ReaderWriter.dll</ModulePath>
      <ModuleTime>2020-10-19T18:22:38Z</ModuleTime>
      <ModuleName>System.Xml.ReaderWriter</ModuleName>
      <Classes />
    </Module>
    <Module skippedDueTo="Filter" hash="4B-21-E4-CE-36-EC-84-FD-BA-09-F4-B3-61-80-FF-63-F0-43-E0-3E">
      <ModulePath>c:\program files\dotnet\shared\Microsoft.NETCore.App\3.1.10\System.Diagnostics.Tracing.dll</ModulePath>
      <ModuleTime>2020-10-19T18:23:04Z</ModuleTime>
      <ModuleName>System.Diagnostics.Tracing</ModuleName>
      <Classes />
    </Module>
    <Module skippedDueTo="Filter" hash="D1-BE-F4-4C-15-21-2E-C1-93-53-C4-8D-3B-73-5F-59-CB-AD-7E-95">
      <ModulePath>c:\program files\dotnet\shared\Microsoft.NETCore.App\3.1.10\System.Threading.Tasks.dll</ModulePath>
      <ModuleTime>2020-10-19T18:23:06Z</ModuleTime>
      <ModuleName>System.Threading.Tasks</ModuleName>
      <Classes />
    </Module>
    <Module skippedDueTo="Filter" hash="A8-F9-09-3F-1B-31-93-32-04-17-2E-56-10-E2-EC-D6-95-8A-80-52">
      <ModulePath>c:\program files\dotnet\shared\Microsoft.NETCore.App\3.1.10\System.Globalization.dll</ModulePath>
      <ModuleTime>2020-10-19T18:23:06Z</ModuleTime>
      <ModuleName>System.Globalization</ModuleName>
      <Classes />
    </Module>
    <Module skippedDueTo="Filter" hash="A8-83-97-52-BE-D8-09-82-55-9E-71-09-3B-AD-E8-3C-3C-F2-D5-1E">
      <ModulePath>c:\program files\dotnet\shared\Microsoft.NETCore.App\3.1.10\System.Reflection.Emit.ILGeneration.dll</ModulePath>
      <ModuleTime>2020-10-19T18:22:58Z</ModuleTime>
      <ModuleName>System.Reflection.Emit.ILGeneration</ModuleName>
      <Classes />
    </Module>
    <Module skippedDueTo="Filter" hash="60-0F-C6-47-FF-94-37-88-89-01-D5-13-C9-B0-70-1B-65-C2-10-6C">
      <ModulePath>c:\program files\dotnet\shared\Microsoft.NETCore.App\3.1.10\System.Reflection.Emit.Lightweight.dll</ModulePath>
      <ModuleTime>2020-10-19T18:22:32Z</ModuleTime>
      <ModuleName>System.Reflection.Emit.Lightweight</ModuleName>
      <Classes />
    </Module>
    <Module skippedDueTo="Filter" hash="CB-68-50-5B-02-B4-0C-42-CF-DC-FF-C6-DE-44-EC-ED-1D-3C-61-C2">
      <ModulePath>c:\program files\dotnet\shared\Microsoft.NETCore.App\3.1.10\System.Reflection.Primitives.dll</ModulePath>
      <ModuleTime>2020-10-19T18:22:32Z</ModuleTime>
      <ModuleName>System.Reflection.Primitives</ModuleName>
      <Classes />
    </Module>
    <Module skippedDueTo="MissingPdb" hash="60-E8-36-52-9E-3A-27-48-EA-D4-17-11-26-9F-22-7C-3C-7C-27-0B">
      <ModulePath>c:\program files\dotnet\sdk\3.1.404\Microsoft.TemplateEngine.Utils.dll</ModulePath>
      <ModuleTime>2020-10-22T01:43:40Z</ModuleTime>
      <ModuleName>Microsoft.TemplateEngine.Utils</ModuleName>
      <Classes />
    </Module>
    <Module skippedDueTo="MissingPdb" hash="34-72-D5-FD-11-04-28-AF-87-E7-21-34-EA-70-97-11-4B-49-90-82">
      <ModulePath>c:\program files\dotnet\shared\Microsoft.NETCore.App\3.1.10\Microsoft.Win32.Registry.dll</ModulePath>
      <ModuleTime>2020-10-19T18:23:02Z</ModuleTime>
      <ModuleName>Microsoft.Win32.Registry</ModuleName>
      <Classes />
    </Module>
    <Module skippedDueTo="MissingPdb" hash="9A-7E-2C-EF-99-EA-36-5E-50-72-CA-19-D6-CD-8D-BD-C4-6C-D7-C2">
      <ModulePath>c:\program files\dotnet\sdk\3.1.404\fr\dotnet.resources.dll</ModulePath>
      <ModuleTime>2020-10-21T02:05:58Z</ModuleTime>
      <ModuleName>dotnet.resources</ModuleName>
      <Classes />
    </Module>
    <Module skippedDueTo="Filter" hash="9C-BE-13-A2-19-87-C5-42-D4-D5-49-2E-79-6C-28-0F-C9-48-12-EA">
      <ModulePath>c:\program files\dotnet\shared\Microsoft.NETCore.App\3.1.10\System.Diagnostics.Tools.dll</ModulePath>
      <ModuleTime>2020-10-19T18:22:38Z</ModuleTime>
      <ModuleName>System.Diagnostics.Tools</ModuleName>
      <Classes />
    </Module>
    <Module skippedDueTo="Filter" hash="11-E6-5B-32-43-B5-89-66-AB-C5-65-04-8A-A9-3D-85-90-54-F7-72">
      <ModulePath>c:\program files\dotnet\shared\Microsoft.NETCore.App\3.1.10\System.Diagnostics.Debug.dll</ModulePath>
      <ModuleTime>2020-10-19T18:23:02Z</ModuleTime>
      <ModuleName>System.Diagnostics.Debug</ModuleName>
      <Classes />
    </Module>
    <Module skippedDueTo="Filter" hash="5B-D6-12-65-64-5B-4B-C8-3C-24-43-1D-26-4D-EE-7F-57-46-5E-EC">
      <ModulePath>c:\program files\dotnet\shared\Microsoft.NETCore.App\3.1.10\System.IO.dll</ModulePath>
      <ModuleTime>2020-10-19T18:23:08Z</ModuleTime>
      <ModuleName>System.IO</ModuleName>
      <Classes />
    </Module>
    <Module skippedDueTo="Filter" hash="F9-59-40-82-D6-76-55-19-FB-76-6E-80-9E-0C-48-9C-DE-9C-98-08">
      <ModulePath>c:\program files\dotnet\shared\Microsoft.NETCore.App\3.1.10\System.Text.Encoding.dll</ModulePath>
      <ModuleTime>2020-10-19T18:23:04Z</ModuleTime>
      <ModuleName>System.Text.Encoding</ModuleName>
      <Classes />
    </Module>
    <Module skippedDueTo="Filter" hash="E6-00-CF-E7-BC-63-7E-F0-67-0C-32-36-A8-5A-1B-1F-0E-1A-D3-D5">
      <ModulePath>c:\program files\dotnet\shared\Microsoft.NETCore.App\3.1.10\System.IO.Compression.dll</ModulePath>
      <ModuleTime>2020-10-19T18:23:06Z</ModuleTime>
      <ModuleName>System.IO.Compression</ModuleName>
      <Classes />
    </Module>
    <Module skippedDueTo="MissingPdb" hash="69-D4-39-70-A5-D4-E9-59-33-23-DE-DB-A8-31-35-ED-77-5D-6D-36">
      <ModulePath>c:\program files\dotnet\sdk\3.1.404\Microsoft.Build.Framework.dll</ModulePath>
      <ModuleTime>2020-10-22T01:44:02Z</ModuleTime>
      <ModuleName>Microsoft.Build.Framework</ModuleName>
      <Classes />
    </Module>
    <Module skippedDueTo="Filter" hash="AD-C3-26-B8-0D-6F-B6-D6-A4-99-5A-C0-BA-16-0F-E9-47-23-69-03">
      <ModulePath>c:\program files\dotnet\shared\Microsoft.NETCore.App\3.1.10\System.ComponentModel.Primitives.dll</ModulePath>
      <ModuleTime>2020-10-19T18:23:02Z</ModuleTime>
      <ModuleName>System.ComponentModel.Primitives</ModuleName>
      <Classes />
    </Module>
    <Module skippedDueTo="Filter" hash="BE-CC-6A-8E-2C-E2-78-C3-CB-7E-9F-DF-A1-5E-39-E7-57-1F-78-C2">
      <ModulePath>c:\program files\dotnet\shared\Microsoft.NETCore.App\3.1.10\System.Collections.NonGeneric.dll</ModulePath>
      <ModuleTime>2020-10-19T18:23:02Z</ModuleTime>
      <ModuleName>System.Collections.NonGeneric</ModuleName>
      <Classes />
    </Module>
    <Module skippedDueTo="MissingPdb" hash="B0-D9-CC-D6-B9-FB-47-F7-18-A3-6C-DF-84-19-F5-69-16-31-87-99">
      <ModulePath>c:\program files\dotnet\shared\Microsoft.NETCore.App\3.1.10\Microsoft.Win32.Primitives.dll</ModulePath>
      <ModuleTime>2020-10-19T18:22:36Z</ModuleTime>
      <ModuleName>Microsoft.Win32.Primitives</ModuleName>
      <Classes />
    </Module>
    <Module skippedDueTo="Filter" hash="5B-53-CD-25-3B-6B-21-21-CC-2F-1B-73-10-FA-83-03-96-4B-05-65">
      <ModulePath>c:\program files\dotnet\shared\Microsoft.NETCore.App\3.1.10\System.Net.Http.dll</ModulePath>
      <ModuleTime>2020-10-19T18:22:40Z</ModuleTime>
      <ModuleName>System.Net.Http</ModuleName>
      <Classes />
    </Module>
    <Module skippedDueTo="Filter" hash="27-3B-AD-A8-D4-63-31-A7-52-64-4B-7A-2A-E3-22-BE-8D-42-5A-5F">
      <ModulePath>c:\program files\dotnet\shared\Microsoft.NETCore.App\3.1.10\System.Net.Primitives.dll</ModulePath>
      <ModuleTime>2020-10-19T18:22:54Z</ModuleTime>
      <ModuleName>System.Net.Primitives</ModuleName>
      <Classes />
    </Module>
    <Module skippedDueTo="Filter" hash="F9-B6-AF-5F-90-F0-23-F4-ED-7D-2F-B4-0C-43-DF-C7-11-B8-A7-9C">
      <ModulePath>c:\program files\dotnet\shared\Microsoft.NETCore.App\3.1.10\System.Net.Security.dll</ModulePath>
      <ModuleTime>2020-10-19T18:22:56Z</ModuleTime>
      <ModuleName>System.Net.Security</ModuleName>
      <Classes />
    </Module>
    <Module skippedDueTo="Filter" hash="A8-29-86-32-63-C1-C4-80-E5-1F-75-AD-85-4B-33-BB-23-2B-61-19">
      <ModulePath>c:\program files\dotnet\shared\Microsoft.NETCore.App\3.1.10\System.Security.Cryptography.X509Certificates.dll</ModulePath>
      <ModuleTime>2020-10-19T18:23:04Z</ModuleTime>
      <ModuleName>System.Security.Cryptography.X509Certificates</ModuleName>
      <Classes />
    </Module>
    <Module skippedDueTo="Filter" hash="12-69-33-A7-F1-C5-21-E9-9E-EA-59-DD-FB-B9-71-19-A1-B4-63-66">
      <ModulePath>c:\program files\dotnet\shared\Microsoft.NETCore.App\3.1.10\System.Private.CoreLib.dll</ModulePath>
      <ModuleTime>2020-10-16T18:18:00Z</ModuleTime>
      <ModuleName>System.Private.CoreLib</ModuleName>
      <Classes />
    </Module>
    <Module skippedDueTo="MissingPdb" hash="7E-B9-0D-A2-39-9D-0A-20-0C-20-DE-4C-15-37-B9-20-D1-B9-3B-06">
      <ModulePath>c:\program files\dotnet\sdk\3.1.404\MSBuild.dll</ModulePath>
      <ModuleTime>2020-10-22T01:43:24Z</ModuleTime>
      <ModuleName>MSBuild</ModuleName>
      <Classes />
    </Module>
    <Module skippedDueTo="Filter" hash="1A-9E-0C-C2-20-42-56-0E-12-E8-DA-9A-9D-14-37-FF-52-03-95-1E">
      <ModulePath>c:\program files\dotnet\shared\Microsoft.NETCore.App\3.1.10\System.Runtime.dll</ModulePath>
      <ModuleTime>2020-10-19T18:22:58Z</ModuleTime>
      <ModuleName>System.Runtime</ModuleName>
      <Classes />
    </Module>
    <Module skippedDueTo="Filter" hash="DA-2A-97-F6-AB-CF-3F-37-3F-F0-8A-C0-85-32-54-89-9F-F6-53-E0">
      <ModulePath>c:\program files\dotnet\shared\Microsoft.NETCore.App\3.1.10\System.Runtime.Extensions.dll</ModulePath>
      <ModuleTime>2020-10-19T18:23:00Z</ModuleTime>
      <ModuleName>System.Runtime.Extensions</ModuleName>
      <Classes />
    </Module>
    <Module skippedDueTo="Filter" hash="82-B8-D6-5A-61-CF-34-B6-60-8F-3C-1C-D9-2C-6F-86-7B-68-64-AE">
      <ModulePath>c:\program files\dotnet\shared\Microsoft.NETCore.App\3.1.10\System.Threading.dll</ModulePath>
      <ModuleTime>2020-10-19T18:23:06Z</ModuleTime>
      <ModuleName>System.Threading</ModuleName>
      <Classes />
    </Module>
    <Module skippedDueTo="Filter" hash="D1-BE-F4-4C-15-21-2E-C1-93-53-C4-8D-3B-73-5F-59-CB-AD-7E-95">
      <ModulePath>c:\program files\dotnet\shared\Microsoft.NETCore.App\3.1.10\System.Threading.Tasks.dll</ModulePath>
      <ModuleTime>2020-10-19T18:23:06Z</ModuleTime>
      <ModuleName>System.Threading.Tasks</ModuleName>
      <Classes />
    </Module>
    <Module skippedDueTo="MissingPdb" hash="69-D4-39-70-A5-D4-E9-59-33-23-DE-DB-A8-31-35-ED-77-5D-6D-36">
      <ModulePath>c:\program files\dotnet\sdk\3.1.404\Microsoft.Build.Framework.dll</ModulePath>
      <ModuleTime>2020-10-22T01:44:02Z</ModuleTime>
      <ModuleName>Microsoft.Build.Framework</ModuleName>
      <Classes />
    </Module>
    <Module skippedDueTo="MissingPdb" hash="7B-7B-96-4B-CE-03-CB-B8-DA-28-EA-FB-D8-B1-DD-7F-28-46-70-11">
      <ModulePath>c:\program files\dotnet\shared\Microsoft.NETCore.App\3.1.10\netstandard.dll</ModulePath>
      <ModuleTime>2020-10-19T18:22:36Z</ModuleTime>
      <ModuleName>netstandard</ModuleName>
      <Classes />
    </Module>
    <Module skippedDueTo="Filter" hash="4C-C4-67-53-83-52-AB-2A-9B-31-4A-CA-A0-13-F3-3B-EB-A5-34-4A">
      <ModulePath>c:\program files\dotnet\shared\Microsoft.NETCore.App\3.1.10\System.Runtime.InteropServices.RuntimeInformation.dll</ModulePath>
      <ModuleTime>2020-10-19T18:23:00Z</ModuleTime>
      <ModuleName>System.Runtime.InteropServices.RuntimeInformation</ModuleName>
      <Classes />
    </Module>
    <Module skippedDueTo="Filter" hash="CA-E0-6F-BE-DF-CF-91-61-85-DE-32-8A-1A-61-C1-B3-9B-71-83-32">
      <ModulePath>c:\program files\dotnet\shared\Microsoft.NETCore.App\3.1.10\System.Diagnostics.Process.dll</ModulePath>
      <ModuleTime>2020-10-19T18:23:06Z</ModuleTime>
      <ModuleName>System.Diagnostics.Process</ModuleName>
      <Classes />
    </Module>
    <Module skippedDueTo="Filter" hash="AD-C3-26-B8-0D-6F-B6-D6-A4-99-5A-C0-BA-16-0F-E9-47-23-69-03">
      <ModulePath>c:\program files\dotnet\shared\Microsoft.NETCore.App\3.1.10\System.ComponentModel.Primitives.dll</ModulePath>
      <ModuleTime>2020-10-19T18:23:02Z</ModuleTime>
      <ModuleName>System.ComponentModel.Primitives</ModuleName>
      <Classes />
    </Module>
    <Module skippedDueTo="Filter" hash="1A-3A-A4-9D-C4-E9-95-A7-A5-02-F5-AD-75-E1-03-FF-BE-83-44-12">
      <ModulePath>c:\program files\dotnet\shared\Microsoft.NETCore.App\3.1.10\System.Linq.dll</ModulePath>
      <ModuleTime>2020-10-19T18:23:08Z</ModuleTime>
      <ModuleName>System.Linq</ModuleName>
      <Classes />
    </Module>
    <Module skippedDueTo="Filter" hash="CB-A5-AC-8D-7C-92-30-87-74-B0-EA-66-27-35-52-E8-F8-EF-20-22">
      <ModulePath>c:\program files\dotnet\shared\Microsoft.NETCore.App\3.1.10\System.Text.RegularExpressions.dll</ModulePath>
      <ModuleTime>2020-10-19T18:23:08Z</ModuleTime>
      <ModuleName>System.Text.RegularExpressions</ModuleName>
      <Classes />
    </Module>
    <Module skippedDueTo="Filter" hash="37-BA-20-C6-4A-63-6E-F7-8E-BD-1E-0F-36-D6-8C-5A-5E-79-38-14">
      <ModulePath>c:\program files\dotnet\shared\Microsoft.NETCore.App\3.1.10\System.Collections.dll</ModulePath>
      <ModuleTime>2020-10-19T18:22:36Z</ModuleTime>
      <ModuleName>System.Collections</ModuleName>
      <Classes />
    </Module>
    <Module skippedDueTo="Filter" hash="BF-F2-24-A2-EF-50-46-81-1A-E7-41-3D-3E-2D-06-76-06-7A-09-DD">
      <ModulePath>c:\program files\dotnet\shared\Microsoft.NETCore.App\3.1.10\System.Memory.dll</ModulePath>
      <ModuleTime>2020-10-19T18:23:10Z</ModuleTime>
      <ModuleName>System.Memory</ModuleName>
      <Classes />
    </Module>
    <Module skippedDueTo="Filter" hash="F6-52-07-73-D8-55-54-3A-31-54-54-67-C5-02-59-AF-9E-C1-CE-48">
      <ModulePath>c:\program files\dotnet\shared\Microsoft.NETCore.App\3.1.10\System.Buffers.dll</ModulePath>
      <ModuleTime>2020-10-19T18:23:02Z</ModuleTime>
      <ModuleName>System.Buffers</ModuleName>
      <Classes />
    </Module>
    <Module skippedDueTo="Filter" hash="A4-47-4D-5B-7D-B1-B1-30-92-13-31-F4-97-39-B9-18-8C-D2-25-90">
      <ModulePath>c:\program files\dotnet\shared\Microsoft.NETCore.App\3.1.10\System.IO.FileSystem.dll</ModulePath>
      <ModuleTime>2020-10-19T18:22:40Z</ModuleTime>
      <ModuleName>System.IO.FileSystem</ModuleName>
      <Classes />
    </Module>
    <Module skippedDueTo="Filter" hash="F2-7C-26-2D-CB-F7-47-72-A0-D9-BA-C2-E8-05-FE-46-55-8D-5A-E5">
      <ModulePath>c:\program files\dotnet\shared\Microsoft.NETCore.App\3.1.10\System.Runtime.InteropServices.dll</ModulePath>
      <ModuleTime>2020-10-19T18:23:00Z</ModuleTime>
      <ModuleName>System.Runtime.InteropServices</ModuleName>
      <Classes />
    </Module>
    <Module skippedDueTo="Filter" hash="CB-85-DE-FB-96-3E-20-14-0E-0C-B4-0B-EB-BA-C1-AB-F5-53-3D-83">
      <ModulePath>c:\program files\dotnet\shared\Microsoft.NETCore.App\3.1.10\System.Console.dll</ModulePath>
      <ModuleTime>2020-10-19T18:22:38Z</ModuleTime>
      <ModuleName>System.Console</ModuleName>
      <Classes />
    </Module>
    <Module skippedDueTo="MissingPdb" hash="10-2C-DD-83-D9-CF-03-80-E2-EE-50-C9-8B-B6-48-E0-65-D9-50-09">
      <ModulePath>c:\program files\dotnet\sdk\3.1.404\Microsoft.Build.dll</ModulePath>
      <ModuleTime>2020-10-22T01:44:42Z</ModuleTime>
      <ModuleName>Microsoft.Build</ModuleName>
      <Classes />
    </Module>
    <Module skippedDueTo="Filter" hash="11-E6-5B-32-43-B5-89-66-AB-C5-65-04-8A-A9-3D-85-90-54-F7-72">
      <ModulePath>c:\program files\dotnet\shared\Microsoft.NETCore.App\3.1.10\System.Diagnostics.Debug.dll</ModulePath>
      <ModuleTime>2020-10-19T18:23:02Z</ModuleTime>
      <ModuleName>System.Diagnostics.Debug</ModuleName>
      <Classes />
    </Module>
    <Module skippedDueTo="Filter" hash="4B-21-E4-CE-36-EC-84-FD-BA-09-F4-B3-61-80-FF-63-F0-43-E0-3E">
      <ModulePath>c:\program files\dotnet\shared\Microsoft.NETCore.App\3.1.10\System.Diagnostics.Tracing.dll</ModulePath>
      <ModuleTime>2020-10-19T18:23:04Z</ModuleTime>
      <ModuleName>System.Diagnostics.Tracing</ModuleName>
      <Classes />
    </Module>
    <Module skippedDueTo="Filter" hash="BD-25-66-E8-82-5F-2D-2F-5A-72-FB-D8-5A-06-D5-CF-C3-F4-0E-AF">
      <ModulePath>c:\program files\dotnet\shared\Microsoft.NETCore.App\3.1.10\System.Text.Encoding.CodePages.dll</ModulePath>
      <ModuleTime>2020-10-19T18:23:06Z</ModuleTime>
      <ModuleName>System.Text.Encoding.CodePages</ModuleName>
      <Classes />
    </Module>
    <Module skippedDueTo="Filter" hash="C4-AF-17-21-F7-89-66-F7-16-6B-96-49-7A-FC-E4-51-7D-45-E2-D9">
      <ModulePath>c:\program files\dotnet\shared\Microsoft.NETCore.App\3.1.10\System.Collections.Concurrent.dll</ModulePath>
      <ModuleTime>2020-10-19T18:22:38Z</ModuleTime>
      <ModuleName>System.Collections.Concurrent</ModuleName>
      <Classes />
    </Module>
    <Module skippedDueTo="Filter" hash="3F-F5-6E-CE-86-1B-17-9D-17-56-8E-5B-FB-58-05-3C-D3-54-6D-D8">
      <ModulePath>c:\program files\dotnet\shared\Microsoft.NETCore.App\3.1.10\System.Runtime.Loader.dll</ModulePath>
      <ModuleTime>2020-10-19T18:23:02Z</ModuleTime>
      <ModuleName>System.Runtime.Loader</ModuleName>
      <Classes />
    </Module>
    <Module skippedDueTo="MissingPdb" hash="35-00-39-2B-99-C6-57-9F-66-D4-09-95-D9-39-B9-C7-F6-5D-BF-79">
      <ModulePath>c:\program files\dotnet\sdk\3.1.404\dotnet.dll</ModulePath>
      <ModuleTime>2020-10-22T01:42:52Z</ModuleTime>
      <ModuleName>dotnet</ModuleName>
      <Classes />
    </Module>
    <Module skippedDueTo="Filter" hash="F4-8F-FF-D7-34-F7-0F-B4-66-54-7C-C6-95-F5-89-C4-8F-FB-93-A7">
      <ModulePath>c:\program files\dotnet\shared\Microsoft.NETCore.App\3.1.10\System.Collections.Immutable.dll</ModulePath>
      <ModuleTime>2020-10-19T18:23:02Z</ModuleTime>
      <ModuleName>System.Collections.Immutable</ModuleName>
      <Classes />
    </Module>
    <Module skippedDueTo="MissingPdb" hash="D0-46-D8-53-F0-29-D4-68-3A-51-1B-32-9E-1A-56-B1-59-C3-12-D9">
      <ModulePath>c:\program files\dotnet\sdk\3.1.404\Microsoft.DotNet.Configurer.dll</ModulePath>
      <ModuleTime>2020-10-22T01:42:58Z</ModuleTime>
      <ModuleName>Microsoft.DotNet.Configurer</ModuleName>
      <Classes />
    </Module>
    <Module skippedDueTo="MissingPdb" hash="56-69-DC-0C-C0-16-85-91-31-8A-28-E2-5F-50-3D-E6-9A-69-E2-03">
      <ModulePath>c:\program files\dotnet\sdk\3.1.404\Microsoft.DotNet.InternalAbstractions.dll</ModulePath>
      <ModuleTime>2020-10-22T01:42:56Z</ModuleTime>
      <ModuleName>Microsoft.DotNet.InternalAbstractions</ModuleName>
      <Classes />
    </Module>
    <Module skippedDueTo="MissingPdb" hash="5E-7F-84-DF-AE-0B-BB-B0-FF-50-C8-52-43-EC-D4-2D-82-96-DE-5B">
      <ModulePath>c:\program files\dotnet\sdk\3.1.404\Microsoft.DotNet.Cli.Utils.dll</ModulePath>
      <ModuleTime>2020-10-22T01:42:56Z</ModuleTime>
      <ModuleName>Microsoft.DotNet.Cli.Utils</ModuleName>
      <Classes />
    </Module>
    <Module skippedDueTo="Filter" hash="12-D8-4D-52-F5-0A-5E-E4-67-74-E1-49-6E-70-6F-81-B0-12-9E-B1">
      <ModulePath>c:\program files\dotnet\shared\Microsoft.NETCore.App\3.1.10\System.Text.Encoding.Extensions.dll</ModulePath>
      <ModuleTime>2020-10-19T18:23:04Z</ModuleTime>
      <ModuleName>System.Text.Encoding.Extensions</ModuleName>
      <Classes />
    </Module>
    <Module skippedDueTo="MissingPdb" hash="72-55-4F-98-CF-41-18-E3-20-C9-56-83-A7-3D-67-BE-AA-1E-7F-F2">
      <ModulePath>c:\program files\dotnet\sdk\3.1.404\Microsoft.ApplicationInsights.dll</ModulePath>
      <ModuleTime>2020-10-22T01:42:56Z</ModuleTime>
      <ModuleName>Microsoft.ApplicationInsights</ModuleName>
      <Classes />
    </Module>
    <Module skippedDueTo="MissingPdb" hash="F3-36-9A-6C-7B-F3-D1-57-78-30-9E-0C-DA-D9-A5-16-66-B6-53-DB">
      <ModulePath>c:\program files\dotnet\sdk\3.1.404\Microsoft.DotNet.PlatformAbstractions.dll</ModulePath>
      <ModuleTime>2020-10-22T01:42:58Z</ModuleTime>
      <ModuleName>Microsoft.DotNet.PlatformAbstractions</ModuleName>
      <Classes />
    </Module>
    <Module skippedDueTo="Filter" hash="79-C8-72-50-12-37-3B-A1-D2-15-E3-17-7C-72-D1-66-D7-CE-8D-6A">
      <ModulePath>c:\program files\dotnet\shared\Microsoft.NETCore.App\3.1.10\System.Runtime.CompilerServices.Unsafe.dll</ModulePath>
      <ModuleTime>2020-10-19T18:22:58Z</ModuleTime>
      <ModuleName>System.Runtime.CompilerServices.Unsafe</ModuleName>
      <Classes />
    </Module>
    <Module skippedDueTo="Filter" hash="1C-FC-78-50-0F-11-08-35-03-53-6D-15-C0-BD-2A-5B-24-78-82-6F">
      <ModulePath>c:\program files\dotnet\shared\Microsoft.NETCore.App\3.1.10\System.Private.Uri.dll</ModulePath>
      <ModuleTime>2020-10-19T18:22:56Z</ModuleTime>
      <ModuleName>System.Private.Uri</ModuleName>
      <Classes />
    </Module>
    <Module skippedDueTo="Filter" hash="7A-1A-7A-CC-DD-D4-BE-67-B3-47-A6-AB-A4-38-DD-0F-FD-0F-95-0D">
      <ModulePath>c:\program files\dotnet\shared\Microsoft.NETCore.App\3.1.10\System.Reflection.Extensions.dll</ModulePath>
      <ModuleTime>2020-10-19T18:22:32Z</ModuleTime>
      <ModuleName>System.Reflection.Extensions</ModuleName>
      <Classes />
    </Module>
    <Module skippedDueTo="Filter" hash="23-49-E6-89-56-87-96-35-03-12-C7-33-C6-3E-3A-D8-63-D0-BD-F0">
      <ModulePath>c:\program files\dotnet\shared\Microsoft.NETCore.App\3.1.10\System.Reflection.dll</ModulePath>
      <ModuleTime>2020-10-19T18:22:58Z</ModuleTime>
      <ModuleName>System.Reflection</ModuleName>
      <Classes />
    </Module>
    <Module skippedDueTo="Filter" hash="96-EC-21-D7-21-1F-AD-16-AA-BF-0D-4A-34-19-1B-A0-AF-7A-EE-50">
      <ModulePath>c:\program files\dotnet\shared\Microsoft.NETCore.App\3.1.10\System.Xml.XDocument.dll</ModulePath>
      <ModuleTime>2020-10-19T18:22:38Z</ModuleTime>
      <ModuleName>System.Xml.XDocument</ModuleName>
      <Classes />
    </Module>
    <Module skippedDueTo="Filter" hash="92-52-C8-D4-85-8B-DB-36-14-9F-8B-E4-37-A0-40-C0-6B-47-9B-F8">
      <ModulePath>c:\program files\dotnet\shared\Microsoft.NETCore.App\3.1.10\System.Private.Xml.Linq.dll</ModulePath>
      <ModuleTime>2020-10-19T18:22:56Z</ModuleTime>
      <ModuleName>System.Private.Xml.Linq</ModuleName>
      <Classes />
    </Module>
    <Module skippedDueTo="Filter" hash="8A-08-48-31-A0-A1-45-6D-E3-16-A5-78-11-40-43-BB-66-78-40-4D">
      <ModulePath>c:\program files\dotnet\shared\Microsoft.NETCore.App\3.1.10\System.Threading.Thread.dll</ModulePath>
      <ModuleTime>2020-10-19T18:22:40Z</ModuleTime>
      <ModuleName>System.Threading.Thread</ModuleName>
      <Classes />
    </Module>
    <Module skippedDueTo="Filter" hash="02-7E-B4-47-B8-77-8D-A6-1E-B8-CE-F0-AC-82-CB-29-78-E3-27-A4">
      <ModulePath>c:\program files\dotnet\shared\Microsoft.NETCore.App\3.1.10\System.Private.Xml.dll</ModulePath>
      <ModuleTime>2020-10-19T18:22:56Z</ModuleTime>
      <ModuleName>System.Private.Xml</ModuleName>
      <Classes />
    </Module>
    <Module skippedDueTo="Filter" hash="8A-E6-E5-E6-A7-53-B9-C3-4E-D3-5F-5A-B7-04-24-AA-71-ED-32-EF">
      <ModulePath>c:\program files\dotnet\shared\Microsoft.NETCore.App\3.1.10\System.Xml.ReaderWriter.dll</ModulePath>
      <ModuleTime>2020-10-19T18:22:38Z</ModuleTime>
      <ModuleName>System.Xml.ReaderWriter</ModuleName>
      <Classes />
    </Module>
    <Module skippedDueTo="Filter" hash="A8-F9-09-3F-1B-31-93-32-04-17-2E-56-10-E2-EC-D6-95-8A-80-52">
      <ModulePath>c:\program files\dotnet\shared\Microsoft.NETCore.App\3.1.10\System.Globalization.dll</ModulePath>
      <ModuleTime>2020-10-19T18:23:06Z</ModuleTime>
      <ModuleName>System.Globalization</ModuleName>
      <Classes />
    </Module>
    <Module skippedDueTo="Filter" hash="BE-CC-6A-8E-2C-E2-78-C3-CB-7E-9F-DF-A1-5E-39-E7-57-1F-78-C2">
      <ModulePath>c:\program files\dotnet\shared\Microsoft.NETCore.App\3.1.10\System.Collections.NonGeneric.dll</ModulePath>
      <ModuleTime>2020-10-19T18:23:02Z</ModuleTime>
      <ModuleName>System.Collections.NonGeneric</ModuleName>
      <Classes />
    </Module>
    <Module skippedDueTo="MissingPdb" hash="B0-D9-CC-D6-B9-FB-47-F7-18-A3-6C-DF-84-19-F5-69-16-31-87-99">
      <ModulePath>c:\program files\dotnet\shared\Microsoft.NETCore.App\3.1.10\Microsoft.Win32.Primitives.dll</ModulePath>
      <ModuleTime>2020-10-19T18:22:36Z</ModuleTime>
      <ModuleName>Microsoft.Win32.Primitives</ModuleName>
      <Classes />
    </Module>
    <Module skippedDueTo="Filter" hash="D6-30-0A-8E-93-E5-0A-10-D7-7F-F1-3A-29-3C-F2-74-86-BB-FB-E4">
      <ModulePath>c:\program files\dotnet\shared\Microsoft.NETCore.App\3.1.10\System.Resources.ResourceManager.dll</ModulePath>
      <ModuleTime>2020-10-19T18:22:56Z</ModuleTime>
      <ModuleName>System.Resources.ResourceManager</ModuleName>
      <Classes />
    </Module>
    <Module skippedDueTo="MissingPdb" hash="9C-40-B8-8D-F4-B1-38-48-F4-41-B2-1E-B8-0A-B2-CD-E5-FF-80-62">
      <ModulePath>c:\program files\dotnet\sdk\3.1.404\fr\MSBuild.resources.dll</ModulePath>
      <ModuleTime>2020-10-21T19:51:30Z</ModuleTime>
      <ModuleName>MSBuild.resources</ModuleName>
      <Classes />
    </Module>
    <Module skippedDueTo="Filter" hash="56-46-EA-DE-69-79-33-62-3E-1B-90-E2-34-13-4C-EB-C2-51-C1-0D">
      <ModulePath>c:\program files\dotnet\shared\Microsoft.NETCore.App\3.1.10\System.Threading.Tasks.Dataflow.dll</ModulePath>
      <ModuleTime>2020-10-19T18:23:08Z</ModuleTime>
      <ModuleName>System.Threading.Tasks.Dataflow</ModuleName>
      <Classes />
    </Module>
    <Module skippedDueTo="Filter" hash="59-04-4E-0D-7E-6E-EA-4D-72-40-76-49-D2-7E-CC-5F-42-DF-64-97">
      <ModulePath>c:\program files\dotnet\shared\Microsoft.NETCore.App\3.1.10\System.Security.Cryptography.Algorithms.dll</ModulePath>
      <ModuleTime>2020-10-19T18:23:04Z</ModuleTime>
      <ModuleName>System.Security.Cryptography.Algorithms</ModuleName>
      <Classes />
    </Module>
    <Module skippedDueTo="Filter" hash="33-93-24-B7-CE-F8-5F-8B-39-90-DC-9F-64-13-AA-44-60-A7-57-60">
      <ModulePath>c:\program files\dotnet\shared\Microsoft.NETCore.App\3.1.10\System.Security.Cryptography.Primitives.dll</ModulePath>
      <ModuleTime>2020-10-19T18:23:02Z</ModuleTime>
      <ModuleName>System.Security.Cryptography.Primitives</ModuleName>
      <Classes />
    </Module>
    <Module skippedDueTo="MissingPdb" hash="34-72-D5-FD-11-04-28-AF-87-E7-21-34-EA-70-97-11-4B-49-90-82">
      <ModulePath>c:\program files\dotnet\shared\Microsoft.NETCore.App\3.1.10\Microsoft.Win32.Registry.dll</ModulePath>
      <ModuleTime>2020-10-19T18:23:02Z</ModuleTime>
      <ModuleName>Microsoft.Win32.Registry</ModuleName>
      <Classes />
    </Module>
    <Module skippedDueTo="MissingPdb" hash="E6-BF-84-DD-07-D7-38-74-05-43-37-56-0D-99-B8-A4-C6-DC-F0-67">
      <ModulePath>c:\program files\dotnet\sdk\3.1.404\fr\Microsoft.Build.resources.dll</ModulePath>
      <ModuleTime>2020-10-21T19:51:08Z</ModuleTime>
      <ModuleName>Microsoft.Build.resources</ModuleName>
      <Classes />
    </Module>
    <Module skippedDueTo="Filter" hash="98-DC-99-B3-10-6C-E2-3A-5F-0E-7F-C3-CE-BB-E6-75-27-68-DC-A1">
      <ModulePath>c:\program files\dotnet\shared\Microsoft.NETCore.App\3.1.10\System.ObjectModel.dll</ModulePath>
      <ModuleTime>2020-10-19T18:22:54Z</ModuleTime>
      <ModuleName>System.ObjectModel</ModuleName>
      <Classes />
    </Module>
    <Module skippedDueTo="Filter" hash="A5-68-66-DA-35-1C-41-3E-5F-80-9A-E1-F7-75-82-2D-2B-42-FD-31">
      <ModulePath>c:\program files\dotnet\shared\Microsoft.NETCore.App\3.1.10\System.Diagnostics.TraceSource.dll</ModulePath>
      <ModuleTime>2020-10-19T18:22:40Z</ModuleTime>
      <ModuleName>System.Diagnostics.TraceSource</ModuleName>
      <Classes />
    </Module>
    <Module skippedDueTo="MissingPdb" hash="5E-5B-04-D2-C1-36-57-89-B9-04-DC-3C-B2-EA-92-76-7E-55-E4-53">
      <ModulePath>c:\program files\dotnet\sdk\3.1.404\Microsoft.Build.NuGetSdkResolver.dll</ModulePath>
      <ModuleTime>2020-10-22T01:43:40Z</ModuleTime>
      <ModuleName>Microsoft.Build.NuGetSdkResolver</ModuleName>
      <Classes />
    </Module>
    <Module skippedDueTo="Filter" hash="08-E1-72-C4-0D-61-9D-57-21-7A-CA-E9-30-41-44-DC-C7-35-1A-DB">
      <ModulePath>c:\program files\dotnet\shared\Microsoft.NETCore.App\3.1.10\System.Diagnostics.FileVersionInfo.dll</ModulePath>
      <ModuleTime>2020-10-19T18:23:04Z</ModuleTime>
      <ModuleName>System.Diagnostics.FileVersionInfo</ModuleName>
      <Classes />
    </Module>
    <Module skippedDueTo="Filter" hash="4B-23-84-89-08-86-A4-D7-CF-92-79-69-E1-EC-3F-7A-25-67-51-45">
      <ModulePath>c:\program files\dotnet\shared\Microsoft.NETCore.App\3.1.10\System.Threading.Tasks.Parallel.dll</ModulePath>
      <ModuleTime>2020-10-19T18:23:06Z</ModuleTime>
      <ModuleName>System.Threading.Tasks.Parallel</ModuleName>
      <Classes />
    </Module>
    <Module skippedDueTo="Filter" hash="91-E6-6F-4F-7A-AC-E8-34-A4-D0-97-C5-A3-CA-FB-29-61-B5-3A-A1">
      <ModulePath>c:\program files\dotnet\shared\Microsoft.NETCore.App\3.1.10\System.ComponentModel.dll</ModulePath>
      <ModuleTime>2020-10-19T18:22:38Z</ModuleTime>
      <ModuleName>System.ComponentModel</ModuleName>
      <Classes />
    </Module>
    <Module skippedDueTo="MissingPdb" hash="EB-1C-E9-8C-FB-55-6B-0A-EE-D3-C2-4D-25-45-98-4F-9F-A5-79-94">
      <ModulePath>c:\program files\dotnet\sdk\3.1.404\Microsoft.Build.Utilities.Core.dll</ModulePath>
      <ModuleTime>2020-10-22T01:44:04Z</ModuleTime>
      <ModuleName>Microsoft.Build.Utilities.Core</ModuleName>
      <Classes />
    </Module>
    <Module skippedDueTo="Filter" hash="A8-83-97-52-BE-D8-09-82-55-9E-71-09-3B-AD-E8-3C-3C-F2-D5-1E">
      <ModulePath>c:\program files\dotnet\shared\Microsoft.NETCore.App\3.1.10\System.Reflection.Emit.ILGeneration.dll</ModulePath>
      <ModuleTime>2020-10-19T18:22:58Z</ModuleTime>
      <ModuleName>System.Reflection.Emit.ILGeneration</ModuleName>
      <Classes />
    </Module>
    <Module skippedDueTo="Filter" hash="60-0F-C6-47-FF-94-37-88-89-01-D5-13-C9-B0-70-1B-65-C2-10-6C">
      <ModulePath>c:\program files\dotnet\shared\Microsoft.NETCore.App\3.1.10\System.Reflection.Emit.Lightweight.dll</ModulePath>
      <ModuleTime>2020-10-19T18:22:32Z</ModuleTime>
      <ModuleName>System.Reflection.Emit.Lightweight</ModuleName>
      <Classes />
    </Module>
    <Module skippedDueTo="Filter" hash="CB-68-50-5B-02-B4-0C-42-CF-DC-FF-C6-DE-44-EC-ED-1D-3C-61-C2">
      <ModulePath>c:\program files\dotnet\shared\Microsoft.NETCore.App\3.1.10\System.Reflection.Primitives.dll</ModulePath>
      <ModuleTime>2020-10-19T18:22:32Z</ModuleTime>
      <ModuleName>System.Reflection.Primitives</ModuleName>
      <Classes />
    </Module>
    <Module skippedDueTo="MissingPdb" hash="06-FF-B6-EF-F2-43-1F-C9-07-DD-E8-B0-CB-5A-81-9D-4D-95-CE-D7">
      <ModulePath>c:\program files\dotnet\sdk\3.1.404\Microsoft.Build.Tasks.Core.dll</ModulePath>
      <ModuleTime>2020-10-22T01:44:22Z</ModuleTime>
      <ModuleName>Microsoft.Build.Tasks.Core</ModuleName>
      <Classes />
    </Module>
    <Module skippedDueTo="Filter" hash="1F-84-A1-2F-9E-59-B3-7D-64-DD-CD-55-57-95-80-F2-E3-F8-EE-94">
      <ModulePath>c:\program files\dotnet\shared\Microsoft.NETCore.App\3.1.10\System.Threading.ThreadPool.dll</ModulePath>
      <ModuleTime>2020-10-19T18:22:36Z</ModuleTime>
      <ModuleName>System.Threading.ThreadPool</ModuleName>
      <Classes />
    </Module>
    <Module skippedDueTo="MissingPdb" hash="D2-53-B7-F4-B1-51-48-DD-0B-99-4C-3F-CC-D3-EF-FA-97-08-02-4A">
      <ModulePath>c:\program files\dotnet\sdk\3.1.404\NuGet.Build.Tasks.dll</ModulePath>
      <ModuleTime>2020-10-22T01:43:02Z</ModuleTime>
      <ModuleName>NuGet.Build.Tasks</ModuleName>
      <Classes />
    </Module>
    <Module skippedDueTo="MissingPdb" hash="8E-A7-E3-2C-96-48-0C-A7-3D-01-06-03-E3-78-4E-B4-90-3B-28-44">
      <ModulePath>c:\program files\dotnet\sdk\3.1.404\NuGet.Common.dll</ModulePath>
      <ModuleTime>2020-10-22T01:43:02Z</ModuleTime>
      <ModuleName>NuGet.Common</ModuleName>
      <Classes />
    </Module>
    <Module skippedDueTo="MissingPdb" hash="E4-74-20-17-4F-9A-B5-70-AF-2B-35-66-44-5F-FB-04-23-E1-5D-3C">
      <ModulePath>c:\program files\dotnet\sdk\3.1.404\NuGet.Commands.dll</ModulePath>
      <ModuleTime>2020-10-22T01:43:02Z</ModuleTime>
      <ModuleName>NuGet.Commands</ModuleName>
      <Classes />
    </Module>
    <Module skippedDueTo="MissingPdb" hash="C2-F0-41-A1-58-74-80-0E-97-C5-5D-37-0F-F8-4D-29-8C-04-EE-93">
      <ModulePath>c:\program files\dotnet\sdk\3.1.404\NuGet.ProjectModel.dll</ModulePath>
      <ModuleTime>2020-10-22T01:43:04Z</ModuleTime>
      <ModuleName>NuGet.ProjectModel</ModuleName>
      <Classes />
    </Module>
    <Module skippedDueTo="MissingPdb" hash="43-C5-C6-24-B7-5F-5F-16-42-F7-AE-E2-FE-F1-C9-40-5B-9D-2C-9B">
      <ModulePath>c:\program files\dotnet\sdk\3.1.404\fr\NuGet.Build.Tasks.resources.dll</ModulePath>
      <ModuleTime>2020-07-08T00:16:38Z</ModuleTime>
      <ModuleName>NuGet.Build.Tasks.resources</ModuleName>
      <Classes />
    </Module>
    <Module skippedDueTo="MissingPdb" hash="47-0D-28-84-C5-06-0C-AA-EF-6B-28-88-82-2B-D6-AC-49-74-DF-86">
      <ModulePath>c:\program files\dotnet\sdk\3.1.404\Sdks\Microsoft.NET.Sdk\tools\netcoreapp2.1\Microsoft.NET.Build.Tasks.dll</ModulePath>
      <ModuleTime>2020-10-22T01:43:04Z</ModuleTime>
      <ModuleName>Microsoft.NET.Build.Tasks</ModuleName>
      <Classes />
    </Module>
    <Module skippedDueTo="MissingPdb" hash="A0-32-F7-69-97-50-A1-AC-0A-0B-06-95-C9-3E-D1-2F-8E-DD-31-7E">
      <ModulePath>c:\program files\dotnet\sdk\3.1.404\NuGet.Frameworks.dll</ModulePath>
      <ModuleTime>2020-10-22T01:43:02Z</ModuleTime>
      <ModuleName>NuGet.Frameworks</ModuleName>
      <Classes />
    </Module>
    <Module skippedDueTo="MissingPdb" hash="0B-A9-17-FB-FD-44-3F-70-74-9D-DA-1F-CA-78-82-5A-C7-C5-EE-83">
      <ModulePath>c:\program files\dotnet\sdk\3.1.404\NuGet.Packaging.dll</ModulePath>
      <ModuleTime>2020-10-22T01:43:02Z</ModuleTime>
      <ModuleName>NuGet.Packaging</ModuleName>
      <Classes />
    </Module>
    <Module skippedDueTo="MissingPdb" hash="10-AC-67-2B-B0-ED-E6-A0-4B-D5-8D-8A-99-95-B0-0F-A7-67-23-CA">
      <ModulePath>c:\program files\dotnet\sdk\3.1.404\Newtonsoft.Json.dll</ModulePath>
      <ModuleTime>2020-10-22T01:42:58Z</ModuleTime>
      <ModuleName>Newtonsoft.Json</ModuleName>
      <Classes />
    </Module>
    <Module skippedDueTo="Filter" hash="17-40-DF-08-0B-F8-67-82-95-56-59-7F-02-ED-7B-77-95-C3-38-68">
      <ModulePath>c:\program files\dotnet\shared\Microsoft.NETCore.App\3.1.10\System.Linq.Expressions.dll</ModulePath>
      <ModuleTime>2020-10-19T18:23:10Z</ModuleTime>
      <ModuleName>System.Linq.Expressions</ModuleName>
      <Classes />
    </Module>
    <Module skippedDueTo="Filter" hash="AA-D6-01-D4-57-88-77-6C-FE-61-80-A9-2B-E7-90-AB-2E-F1-5C-4E">
      <ModulePath>c:\program files\dotnet\shared\Microsoft.NETCore.App\3.1.10\System.ComponentModel.TypeConverter.dll</ModulePath>
      <ModuleTime>2020-10-19T18:23:04Z</ModuleTime>
      <ModuleName>System.ComponentModel.TypeConverter</ModuleName>
      <Classes />
    </Module>
    <Module skippedDueTo="Filter" hash="B0-D9-E1-0C-9B-FE-2F-97-FA-8C-25-36-83-4C-64-FB-82-5F-63-DF">
      <ModulePath>c:\program files\dotnet\shared\Microsoft.NETCore.App\3.1.10\System.Runtime.Numerics.dll</ModulePath>
      <ModuleTime>2020-10-19T18:23:02Z</ModuleTime>
      <ModuleName>System.Runtime.Numerics</ModuleName>
      <Classes />
    </Module>
    <Module skippedDueTo="MissingPdb" hash="BD-24-BC-46-C6-E1-11-73-A6-BA-8A-3D-A9-2B-C8-66-57-D6-9D-C9">
      <ModulePath>c:\program files\dotnet\sdk\3.1.404\NuGet.Configuration.dll</ModulePath>
      <ModuleTime>2020-10-22T01:43:02Z</ModuleTime>
      <ModuleName>NuGet.Configuration</ModuleName>
      <Classes />
    </Module>
    <Module skippedDueTo="Filter" hash="A8-29-86-32-63-C1-C4-80-E5-1F-75-AD-85-4B-33-BB-23-2B-61-19">
      <ModulePath>c:\program files\dotnet\shared\Microsoft.NETCore.App\3.1.10\System.Security.Cryptography.X509Certificates.dll</ModulePath>
      <ModuleTime>2020-10-19T18:23:04Z</ModuleTime>
      <ModuleName>System.Security.Cryptography.X509Certificates</ModuleName>
      <Classes />
    </Module>
    <Module skippedDueTo="MissingPdb" hash="61-01-00-89-04-F2-DA-88-57-12-A6-2E-79-0A-E2-A5-EA-E3-04-04">
      <ModulePath>c:\program files\dotnet\sdk\3.1.404\NuGet.Versioning.dll</ModulePath>
      <ModuleTime>2020-10-22T01:43:04Z</ModuleTime>
      <ModuleName>NuGet.Versioning</ModuleName>
      <Classes />
    </Module>
    <Module skippedDueTo="MissingPdb" hash="A0-32-F7-69-97-50-A1-AC-0A-0B-06-95-C9-3E-D1-2F-8E-DD-31-7E">
      <ModulePath>c:\program files\dotnet\sdk\3.1.404\NuGet.Frameworks.dll</ModulePath>
      <ModuleTime>2020-10-22T01:43:02Z</ModuleTime>
      <ModuleName>NuGet.Frameworks</ModuleName>
      <Classes />
    </Module>
    <Module skippedDueTo="MissingPdb" hash="0B-A9-17-FB-FD-44-3F-70-74-9D-DA-1F-CA-78-82-5A-C7-C5-EE-83">
      <ModulePath>c:\program files\dotnet\sdk\3.1.404\NuGet.Packaging.dll</ModulePath>
      <ModuleTime>2020-10-22T01:43:02Z</ModuleTime>
      <ModuleName>NuGet.Packaging</ModuleName>
      <Classes />
    </Module>
    <Module skippedDueTo="MissingPdb" hash="D7-F2-5A-F2-FE-96-43-47-41-93-99-06-38-19-78-6E-A3-21-D2-93">
      <ModulePath>c:\program files\dotnet\sdk\3.1.404\NuGet.LibraryModel.dll</ModulePath>
      <ModuleTime>2020-10-22T01:43:02Z</ModuleTime>
      <ModuleName>NuGet.LibraryModel</ModuleName>
      <Classes />
    </Module>
    <Module skippedDueTo="MissingPdb" hash="D8-61-6E-5B-22-F3-E6-3C-9F-17-4D-B6-45-7B-F6-46-B8-EC-61-5A">
      <ModulePath>c:\program files\dotnet\sdk\3.1.404\NuGet.Protocol.dll</ModulePath>
      <ModuleTime>2020-10-22T01:43:00Z</ModuleTime>
      <ModuleName>NuGet.Protocol</ModuleName>
      <Classes />
    </Module>
    <Module skippedDueTo="MissingPdb" hash="4B-D2-E1-80-2C-03-55-AD-8E-E7-37-73-31-25-9C-15-12-8E-63-18">
      <ModulePath>c:\program files\dotnet\sdk\3.1.404\NuGet.Credentials.dll</ModulePath>
      <ModuleTime>2020-10-22T01:43:00Z</ModuleTime>
      <ModuleName>NuGet.Credentials</ModuleName>
      <Classes />
    </Module>
    <Module skippedDueTo="MissingPdb" hash="69-50-C8-50-F9-F0-42-79-38-15-BE-E5-31-25-9C-02-52-79-A0-8A">
      <ModulePath>c:\program files\dotnet\sdk\3.1.404\NuGet.DependencyResolver.Core.dll</ModulePath>
      <ModuleTime>2020-10-22T01:43:02Z</ModuleTime>
      <ModuleName>NuGet.DependencyResolver.Core</ModuleName>
      <Classes />
    </Module>
    <Module skippedDueTo="MissingPdb" hash="EB-E3-5A-E0-EA-A0-43-E3-EF-73-61-32-4C-C0-F7-16-F8-6F-C0-36">
      <ModulePath>c:\program files\dotnet\sdk\3.1.404\fr\NuGet.Commands.resources.dll</ModulePath>
      <ModuleTime>2020-07-08T00:16:34Z</ModuleTime>
      <ModuleName>NuGet.Commands.resources</ModuleName>
      <Classes />
    </Module>
    <Module skippedDueTo="Filter" hash="42-0C-F2-19-6F-03-0C-63-56-A8-86-C1-65-C9-39-7A-38-0E-47-AD">
      <ModulePath>c:\program files\dotnet\shared\Microsoft.NETCore.App\3.1.10\System.Runtime.Serialization.Primitives.dll</ModulePath>
      <ModuleTime>2020-10-19T18:23:02Z</ModuleTime>
      <ModuleName>System.Runtime.Serialization.Primitives</ModuleName>
      <Classes />
    </Module>
    <Module skippedDueTo="MissingPdb" hash="5B-A7-AD-82-B0-6C-8B-6B-44-60-1B-1F-B2-EC-50-70-A4-85-EC-37">
      <ModulePath>c:\program files\dotnet\sdk\3.1.404\Microsoft.TestPlatform.Build.dll</ModulePath>
      <ModuleTime>2020-10-22T01:42:58Z</ModuleTime>
      <ModuleName>Microsoft.TestPlatform.Build</ModuleName>
      <Classes />
    </Module>
    <Module skippedDueTo="MissingPdb" hash="3B-74-CA-69-DE-60-F4-DB-78-65-48-C4-4F-4F-2E-E9-25-E3-9C-9D">
      <ModulePath>c:\program files\dotnet\sdk\3.1.404\fr\Microsoft.TestPlatform.Build.resources.dll</ModulePath>
      <ModuleTime>2020-07-03T08:19:32Z</ModuleTime>
      <ModuleName>Microsoft.TestPlatform.Build.resources</ModuleName>
      <Classes />
    </Module>
    <Module skippedDueTo="Filter" hash="9C-BE-13-A2-19-87-C5-42-D4-D5-49-2E-79-6C-28-0F-C9-48-12-EA">
      <ModulePath>c:\program files\dotnet\shared\Microsoft.NETCore.App\3.1.10\System.Diagnostics.Tools.dll</ModulePath>
      <ModuleTime>2020-10-19T18:22:38Z</ModuleTime>
      <ModuleName>System.Diagnostics.Tools</ModuleName>
      <Classes />
    </Module>
    <Module skippedDueTo="Filter" hash="5B-D6-12-65-64-5B-4B-C8-3C-24-43-1D-26-4D-EE-7F-57-46-5E-EC">
      <ModulePath>c:\program files\dotnet\shared\Microsoft.NETCore.App\3.1.10\System.IO.dll</ModulePath>
      <ModuleTime>2020-10-19T18:23:08Z</ModuleTime>
      <ModuleName>System.IO</ModuleName>
      <Classes />
    </Module>
    <Module skippedDueTo="Filter" hash="F9-59-40-82-D6-76-55-19-FB-76-6E-80-9E-0C-48-9C-DE-9C-98-08">
      <ModulePath>c:\program files\dotnet\shared\Microsoft.NETCore.App\3.1.10\System.Text.Encoding.dll</ModulePath>
      <ModuleTime>2020-10-19T18:23:04Z</ModuleTime>
      <ModuleName>System.Text.Encoding</ModuleName>
      <Classes />
    </Module>
    <Module skippedDueTo="Filter" hash="E6-00-CF-E7-BC-63-7E-F0-67-0C-32-36-A8-5A-1B-1F-0E-1A-D3-D5">
      <ModulePath>c:\program files\dotnet\shared\Microsoft.NETCore.App\3.1.10\System.IO.Compression.dll</ModulePath>
      <ModuleTime>2020-10-19T18:23:06Z</ModuleTime>
      <ModuleName>System.IO.Compression</ModuleName>
      <Classes />
    </Module>
    <Module skippedDueTo="MissingPdb" hash="C2-F0-41-A1-58-74-80-0E-97-C5-5D-37-0F-F8-4D-29-8C-04-EE-93">
      <ModulePath>c:\program files\dotnet\sdk\3.1.404\NuGet.ProjectModel.dll</ModulePath>
      <ModuleTime>2020-10-22T01:43:04Z</ModuleTime>
      <ModuleName>NuGet.ProjectModel</ModuleName>
      <Classes />
    </Module>
    <Module skippedDueTo="MissingPdb" hash="8E-A7-E3-2C-96-48-0C-A7-3D-01-06-03-E3-78-4E-B4-90-3B-28-44">
      <ModulePath>c:\program files\dotnet\sdk\3.1.404\NuGet.Common.dll</ModulePath>
      <ModuleTime>2020-10-22T01:43:02Z</ModuleTime>
      <ModuleName>NuGet.Common</ModuleName>
      <Classes />
    </Module>
    <Module skippedDueTo="Filter" hash="5B-53-CD-25-3B-6B-21-21-CC-2F-1B-73-10-FA-83-03-96-4B-05-65">
      <ModulePath>c:\program files\dotnet\shared\Microsoft.NETCore.App\3.1.10\System.Net.Http.dll</ModulePath>
      <ModuleTime>2020-10-19T18:22:40Z</ModuleTime>
      <ModuleName>System.Net.Http</ModuleName>
      <Classes />
    </Module>
    <Module skippedDueTo="Filter" hash="27-3B-AD-A8-D4-63-31-A7-52-64-4B-7A-2A-E3-22-BE-8D-42-5A-5F">
      <ModulePath>c:\program files\dotnet\shared\Microsoft.NETCore.App\3.1.10\System.Net.Primitives.dll</ModulePath>
      <ModuleTime>2020-10-19T18:22:54Z</ModuleTime>
      <ModuleName>System.Net.Primitives</ModuleName>
      <Classes />
    </Module>
    <Module skippedDueTo="MissingPdb" hash="61-01-00-89-04-F2-DA-88-57-12-A6-2E-79-0A-E2-A5-EA-E3-04-04">
      <ModulePath>c:\program files\dotnet\sdk\3.1.404\NuGet.Versioning.dll</ModulePath>
      <ModuleTime>2020-10-22T01:43:04Z</ModuleTime>
      <ModuleName>NuGet.Versioning</ModuleName>
      <Classes />
    </Module>
    <Module skippedDueTo="Filter" hash="F9-B6-AF-5F-90-F0-23-F4-ED-7D-2F-B4-0C-43-DF-C7-11-B8-A7-9C">
      <ModulePath>c:\program files\dotnet\shared\Microsoft.NETCore.App\3.1.10\System.Net.Security.dll</ModulePath>
      <ModuleTime>2020-10-19T18:22:56Z</ModuleTime>
      <ModuleName>System.Net.Security</ModuleName>
      <Classes />
    </Module>
    <Module skippedDueTo="Filter" hash="4F-FD-15-EF-5C-47-4C-01-F4-C9-4F-C0-25-A6-0D-ED-18-E2-51-DB">
      <ModulePath>c:\program files\dotnet\shared\Microsoft.NETCore.App\3.1.10\System.Runtime.Serialization.Formatters.dll</ModulePath>
      <ModuleTime>2020-10-19T18:23:00Z</ModuleTime>
      <ModuleName>System.Runtime.Serialization.Formatters</ModuleName>
      <Classes />
    </Module>
    <Module skippedDueTo="MissingPdb" hash="D7-F2-5A-F2-FE-96-43-47-41-93-99-06-38-19-78-6E-A3-21-D2-93">
      <ModulePath>c:\program files\dotnet\sdk\3.1.404\NuGet.LibraryModel.dll</ModulePath>
      <ModuleTime>2020-10-22T01:43:02Z</ModuleTime>
      <ModuleName>NuGet.LibraryModel</ModuleName>
      <Classes />
    </Module>
    <Module skippedDueTo="MissingPdb" hash="BD-24-BC-46-C6-E1-11-73-A6-BA-8A-3D-A9-2B-C8-66-57-D6-9D-C9">
      <ModulePath>c:\program files\dotnet\sdk\3.1.404\NuGet.Configuration.dll</ModulePath>
      <ModuleTime>2020-10-22T01:43:02Z</ModuleTime>
      <ModuleName>NuGet.Configuration</ModuleName>
      <Classes />
    </Module>
    <Module skippedDueTo="MissingPdb" hash="D9-4A-72-95-DF-A4-22-8E-5A-76-7C-9B-63-76-BB-9B-E0-A3-3D-EE">
      <ModulePath>c:\program files\dotnet\sdk\3.1.404\Sdks\Microsoft.NET.Sdk\tools\netcoreapp2.1\fr\Microsoft.NET.Build.Tasks.resources.dll</ModulePath>
      <ModuleTime>2020-10-15T23:51:48Z</ModuleTime>
      <ModuleName>Microsoft.NET.Build.Tasks.resources</ModuleName>
      <Classes />
    </Module>
    <Module skippedDueTo="Filter" hash="80-8B-83-91-9A-D9-25-6E-AA-5A-16-22-04-CB-03-94-72-E3-FB-43">
      <ModulePath>c:\program files\dotnet\shared\Microsoft.NETCore.App\3.1.10\System.Reflection.Metadata.dll</ModulePath>
      <ModuleTime>2020-10-19T18:22:58Z</ModuleTime>
      <ModuleName>System.Reflection.Metadata</ModuleName>
      <Classes />
    </Module>
    <Module skippedDueTo="Filter" hash="C6-58-41-B0-2E-CC-C2-44-41-16-7D-92-DB-A1-DF-52-7C-2F-9D-3A">
      <ModulePath>c:\program files\dotnet\shared\Microsoft.NETCore.App\3.1.10\System.IO.MemoryMappedFiles.dll</ModulePath>
      <ModuleTime>2020-10-19T18:22:40Z</ModuleTime>
      <ModuleName>System.IO.MemoryMappedFiles</ModuleName>
      <Classes />
    </Module>
    <Module skippedDueTo="MissingPdb" hash="83-0D-6C-11-7F-61-85-48-D2-09-F9-FE-02-12-97-0A-0F-0A-3F-80">
      <ModulePath>c:\program files\dotnet\sdk\3.1.404\fr\Microsoft.Build.Tasks.Core.resources.dll</ModulePath>
      <ModuleTime>2020-10-21T19:51:18Z</ModuleTime>
      <ModuleName>Microsoft.Build.Tasks.Core.resources</ModuleName>
      <Classes />
    </Module>
    <Module skippedDueTo="Filter" hash="AD-89-E7-39-C6-6F-FF-4D-13-39-3A-74-B1-C3-63-F1-CB-A6-4A-ED">
      <ModulePath>c:\program files\dotnet\shared\Microsoft.NETCore.App\3.1.10\mscorlib.dll</ModulePath>
      <ModuleTime>2020-10-19T14:26:54Z</ModuleTime>
      <ModuleName>mscorlib</ModuleName>
      <Classes />
    </Module>
    <Module skippedDueTo="Filter" hash="B9-42-75-04-8A-84-DA-13-6C-36-E2-24-0A-4A-43-2A-48-B6-40-67">
      <ModulePath>c:\program files\dotnet\shared\Microsoft.NETCore.App\3.1.10\System.Net.Requests.dll</ModulePath>
      <ModuleTime>2020-10-19T18:22:58Z</ModuleTime>
      <ModuleName>System.Net.Requests</ModuleName>
      <Classes />
    </Module>
    <Module skippedDueTo="Filter" hash="CF-AB-92-8C-3D-EA-70-B2-1B-7E-14-46-F8-C8-F5-CB-43-11-2C-8F">
      <ModulePath>c:\program files\dotnet\shared\Microsoft.NETCore.App\3.1.10\System.Net.NetworkInformation.dll</ModulePath>
      <ModuleTime>2020-10-19T18:23:10Z</ModuleTime>
      <ModuleName>System.Net.NetworkInformation</ModuleName>
      <Classes />
    </Module>
    <Module skippedDueTo="Filter" hash="C9-F5-39-D9-32-9F-0C-D0-24-DD-08-4D-3F-D2-15-97-78-90-28-19">
      <ModulePath>c:\program files\dotnet\shared\Microsoft.NETCore.App\3.1.10\System.Diagnostics.DiagnosticSource.dll</ModulePath>
      <ModuleTime>2020-10-19T18:22:38Z</ModuleTime>
      <ModuleName>System.Diagnostics.DiagnosticSource</ModuleName>
      <Classes />
    </Module>
    <Module skippedDueTo="MissingPdb" hash="DB-1A-1D-B7-28-46-51-E8-C7-DC-F4-5C-65-72-69-EB-42-11-CA-AF">
      <ModulePath>c:\program files\dotnet\sdk\3.1.404\Roslyn\Microsoft.Build.Tasks.CodeAnalysis.dll</ModulePath>
      <ModuleTime>2020-10-22T01:43:00Z</ModuleTime>
      <ModuleName>Microsoft.Build.Tasks.CodeAnalysis</ModuleName>
      <Classes />
    </Module>
    <Module skippedDueTo="Filter" hash="C3-7F-63-72-50-AB-AC-82-F4-FB-7B-A0-09-EE-DD-11-6B-58-2F-16">
      <ModulePath>c:\program files\dotnet\shared\Microsoft.NETCore.App\3.1.10\System.Threading.Timer.dll</ModulePath>
      <ModuleTime>2020-10-19T18:22:40Z</ModuleTime>
      <ModuleName>System.Threading.Timer</ModuleName>
      <Classes />
    </Module>
    <Module skippedDueTo="Filter" hash="6E-45-16-8E-D9-1E-AE-78-A0-48-82-CE-97-AE-E0-56-EC-7A-2D-3C">
      <ModulePath>c:\program files\dotnet\shared\Microsoft.NETCore.App\3.1.10\System.Security.Principal.Windows.dll</ModulePath>
      <ModuleTime>2020-10-19T18:23:06Z</ModuleTime>
      <ModuleName>System.Security.Principal.Windows</ModuleName>
      <Classes />
    </Module>
    <Module skippedDueTo="Filter" hash="DA-23-52-DF-4D-B3-6F-1F-DB-4D-BB-C4-CD-18-47-C7-A4-73-29-67">
      <ModulePath>c:\program files\dotnet\shared\Microsoft.NETCore.App\3.1.10\System.Security.Claims.dll</ModulePath>
      <ModuleTime>2020-10-19T18:23:02Z</ModuleTime>
      <ModuleName>System.Security.Claims</ModuleName>
      <Classes />
    </Module>
    <Module skippedDueTo="Filter" hash="08-6B-B1-3A-E4-29-7A-D1-5D-65-72-32-7B-89-BC-21-52-CE-4C-71">
      <ModulePath>c:\program files\dotnet\shared\Microsoft.NETCore.App\3.1.10\System.Security.Principal.dll</ModulePath>
      <ModuleTime>2020-10-19T18:23:04Z</ModuleTime>
      <ModuleName>System.Security.Principal</ModuleName>
      <Classes />
    </Module>
    <Module skippedDueTo="Filter" hash="EE-8E-B7-A7-50-64-C9-75-20-E2-9C-FC-7D-62-D6-46-40-95-6F-91">
      <ModulePath>c:\program files\dotnet\shared\Microsoft.NETCore.App\3.1.10\System.Net.Sockets.dll</ModulePath>
      <ModuleTime>2020-10-19T18:22:56Z</ModuleTime>
      <ModuleName>System.Net.Sockets</ModuleName>
      <Classes />
    </Module>
    <Module skippedDueTo="Filter" hash="01-18-3D-23-E4-04-50-BD-EA-9B-E4-AB-22-6C-18-27-78-98-31-F9">
      <ModulePath>c:\program files\dotnet\shared\Microsoft.NETCore.App\3.1.10\System.Threading.Overlapped.dll</ModulePath>
      <ModuleTime>2020-10-19T18:23:08Z</ModuleTime>
      <ModuleName>System.Threading.Overlapped</ModuleName>
      <Classes />
    </Module>
    <Module skippedDueTo="MissingPdb" hash="5D-11-9A-3E-79-9A-73-0D-A1-D9-12-4C-D9-91-76-3E-71-25-1F-13">
      <ModulePath>c:\program files\dotnet\sdk\3.1.404\Roslyn\fr\Microsoft.Build.Tasks.CodeAnalysis.resources.dll</ModulePath>
      <ModuleTime>2020-10-17T06:59:40Z</ModuleTime>
      <ModuleName>Microsoft.Build.Tasks.CodeAnalysis.resources</ModuleName>
      <Classes />
    </Module>
    <Module skippedDueTo="Filter" hash="B5-EA-08-6D-1F-89-74-8D-19-D5-81-F9-5F-7D-2A-4D-CA-91-5C-72">
      <ModulePath>c:\program files\dotnet\shared\Microsoft.NETCore.App\3.1.10\System.Net.NameResolution.dll</ModulePath>
      <ModuleTime>2020-10-19T18:23:10Z</ModuleTime>
      <ModuleName>System.Net.NameResolution</ModuleName>
      <Classes />
    </Module>
    <Module skippedDueTo="Filter" hash="05-FD-26-04-85-1A-99-4F-31-E1-CF-C4-73-79-64-E5-84-DF-1C-FC">
      <ModulePath>c:\program files\dotnet\shared\Microsoft.NETCore.App\3.1.10\System.IO.Pipes.dll</ModulePath>
      <ModuleTime>2020-10-19T18:23:08Z</ModuleTime>
      <ModuleName>System.IO.Pipes</ModuleName>
      <Classes />
    </Module>
    <Module skippedDueTo="Filter" hash="01-18-3D-23-E4-04-50-BD-EA-9B-E4-AB-22-6C-18-27-78-98-31-F9">
      <ModulePath>c:\program files\dotnet\shared\Microsoft.NETCore.App\3.1.10\System.Threading.Overlapped.dll</ModulePath>
      <ModuleTime>2020-10-19T18:23:08Z</ModuleTime>
      <ModuleName>System.Threading.Overlapped</ModuleName>
      <Classes />
    </Module>
    <Module skippedDueTo="Filter" hash="B8-99-5D-01-2F-3D-57-FF-C2-41-3F-9A-22-CD-4D-DF-2D-64-1F-22">
      <ModulePath>c:\program files\dotnet\shared\Microsoft.NETCore.App\3.1.10\System.Security.AccessControl.dll</ModulePath>
      <ModuleTime>2020-10-19T18:23:00Z</ModuleTime>
      <ModuleName>System.Security.AccessControl</ModuleName>
      <Classes />
    </Module>
    <Module skippedDueTo="Filter" hash="6E-45-16-8E-D9-1E-AE-78-A0-48-82-CE-97-AE-E0-56-EC-7A-2D-3C">
      <ModulePath>c:\program files\dotnet\shared\Microsoft.NETCore.App\3.1.10\System.Security.Principal.Windows.dll</ModulePath>
      <ModuleTime>2020-10-19T18:23:06Z</ModuleTime>
      <ModuleName>System.Security.Principal.Windows</ModuleName>
      <Classes />
    </Module>
    <Module skippedDueTo="Filter" hash="DA-23-52-DF-4D-B3-6F-1F-DB-4D-BB-C4-CD-18-47-C7-A4-73-29-67">
      <ModulePath>c:\program files\dotnet\shared\Microsoft.NETCore.App\3.1.10\System.Security.Claims.dll</ModulePath>
      <ModuleTime>2020-10-19T18:23:02Z</ModuleTime>
      <ModuleName>System.Security.Claims</ModuleName>
      <Classes />
    </Module>
    <Module skippedDueTo="Filter" hash="08-6B-B1-3A-E4-29-7A-D1-5D-65-72-32-7B-89-BC-21-52-CE-4C-71">
      <ModulePath>c:\program files\dotnet\shared\Microsoft.NETCore.App\3.1.10\System.Security.Principal.dll</ModulePath>
      <ModuleTime>2020-10-19T18:23:04Z</ModuleTime>
      <ModuleName>System.Security.Principal</ModuleName>
      <Classes />
    </Module>
    <Module skippedDueTo="Filter" hash="1F-84-A1-2F-9E-59-B3-7D-64-DD-CD-55-57-95-80-F2-E3-F8-EE-94">
      <ModulePath>c:\program files\dotnet\shared\Microsoft.NETCore.App\3.1.10\System.Threading.ThreadPool.dll</ModulePath>
      <ModuleTime>2020-10-19T18:22:36Z</ModuleTime>
      <ModuleName>System.Threading.ThreadPool</ModuleName>
      <Classes />
    </Module>
    <Module skippedDueTo="Filter" hash="67-1D-00-9A-1D-4B-FB-84-5E-64-CF-11-D1-62-15-6F-71-53-A9-4B">
      <ModulePath>c:\program files\dotnet\shared\Microsoft.NETCore.App\3.1.10\System.Security.Cryptography.Encoding.dll</ModulePath>
      <ModuleTime>2020-10-19T18:22:34Z</ModuleTime>
      <ModuleName>System.Security.Cryptography.Encoding</ModuleName>
      <Classes />
    </Module>
    <Module skippedDueTo="MissingPdb" hash="0B-41-6F-70-83-05-94-98-4C-1B-F0-15-70-5E-3F-20-8F-61-8C-EF">
      <ModulePath>c:\program files\dotnet\sdk\3.1.404\Microsoft.NET.HostModel.dll</ModulePath>
      <ModuleTime>2020-10-22T01:43:40Z</ModuleTime>
      <ModuleName>Microsoft.NET.HostModel</ModuleName>
      <Classes />
    </Module>
    <Module skippedDueTo="MissingPdb" hash="3C-99-08-41-DB-BD-4A-55-7A-DE-0B-DE-08-EE-30-89-8D-CC-AA-6E">
      <ModulePath>c:\program files\dotnet\sdk\3.1.404\Microsoft.Extensions.DependencyModel.dll</ModulePath>
      <ModuleTime>2020-10-22T01:42:58Z</ModuleTime>
      <ModuleName>Microsoft.Extensions.DependencyModel</ModuleName>
      <Classes />
    </Module>
    <Module skippedDueTo="MissingPdb" hash="F3-36-9A-6C-7B-F3-D1-57-78-30-9E-0C-DA-D9-A5-16-66-B6-53-DB">
      <ModulePath>c:\program files\dotnet\sdk\3.1.404\Microsoft.DotNet.PlatformAbstractions.dll</ModulePath>
      <ModuleTime>2020-10-22T01:42:58Z</ModuleTime>
      <ModuleName>Microsoft.DotNet.PlatformAbstractions</ModuleName>
      <Classes />
    </Module>
    <Module skippedDueTo="Filter" hash="54-FF-2E-3A-B6-3C-08-03-D8-5F-1D-B1-DF-0A-3C-D0-27-82-88-B8">
      <ModulePath>c:\program files\dotnet\shared\Microsoft.NETCore.App\3.1.10\System.Text.Json.dll</ModulePath>
      <ModuleTime>2020-10-19T18:23:04Z</ModuleTime>
      <ModuleName>System.Text.Json</ModuleName>
      <Classes />
    </Module>
    <Module skippedDueTo="Filter" hash="5A-B3-83-B3-C0-FD-5F-7D-D4-E8-4F-20-4D-CB-C9-DA-E0-30-EC-8D">
      <ModulePath>c:\program files\dotnet\shared\Microsoft.NETCore.App\3.1.10\System.Text.Encodings.Web.dll</ModulePath>
      <ModuleTime>2020-10-19T18:23:04Z</ModuleTime>
      <ModuleName>System.Text.Encodings.Web</ModuleName>
      <Classes />
    </Module>
    <Module skippedDueTo="Filter" hash="AD-8A-5D-A6-4F-EB-DB-24-2F-77-06-86-62-57-C6-F8-1E-42-BD-8F">
      <ModulePath>c:\program files\dotnet\shared\Microsoft.NETCore.App\3.1.10\System.Collections.Specialized.dll</ModulePath>
      <ModuleTime>2020-10-19T18:22:38Z</ModuleTime>
      <ModuleName>System.Collections.Specialized</ModuleName>
      <Classes />
    </Module>
    <Module skippedDueTo="Filter" hash="52-3F-1E-85-3B-A0-1C-52-AC-DD-36-1B-47-C7-8D-0F-92-48-85-F0">
      <ModulePath>c:\program files\dotnet\shared\Microsoft.NETCore.App\3.1.10\System.Drawing.Primitives.dll</ModulePath>
      <ModuleTime>2020-10-19T18:23:06Z</ModuleTime>
      <ModuleName>System.Drawing.Primitives</ModuleName>
      <Classes />
    </Module>
    <Module skippedDueTo="Filter" hash="1E-8F-74-78-9E-9C-A1-93-BA-11-27-E0-84-D7-9A-19-ED-A6-D3-A4">
      <ModulePath>c:\program files\dotnet\shared\Microsoft.NETCore.App\3.1.10\System.Data.Common.dll</ModulePath>
      <ModuleTime>2020-10-19T18:23:02Z</ModuleTime>
      <ModuleName>System.Data.Common</ModuleName>
      <Classes />
    </Module>
    <Module skippedDueTo="MissingPdb" hash="">
      <ModulePath>RefEmit_InMemoryManifestModule</ModulePath>
      <ModuleTime>0001-01-01T00:00:00</ModuleTime>
      <ModuleName>Anonymously Hosted DynamicMethods Assembly</ModuleName>
      <Classes />
    </Module>
    <Module skippedDueTo="Filter" hash="12-69-33-A7-F1-C5-21-E9-9E-EA-59-DD-FB-B9-71-19-A1-B4-63-66">
      <ModulePath>c:\program files\dotnet\shared\Microsoft.NETCore.App\3.1.10\System.Private.CoreLib.dll</ModulePath>
      <ModuleTime>2020-10-16T18:18:00Z</ModuleTime>
      <ModuleName>System.Private.CoreLib</ModuleName>
      <Classes />
    </Module>
    <Module skippedDueTo="MissingPdb" hash="5D-25-11-77-AE-0A-D6-01-38-DC-1E-4D-8C-D0-B3-EB-37-5E-DD-EA">
      <ModulePath>c:\program files\dotnet\sdk\3.1.404\vstest.console.dll</ModulePath>
      <ModuleTime>2020-10-22T01:43:04Z</ModuleTime>
      <ModuleName>vstest.console</ModuleName>
      <Classes />
    </Module>
    <Module skippedDueTo="Filter" hash="1A-9E-0C-C2-20-42-56-0E-12-E8-DA-9A-9D-14-37-FF-52-03-95-1E">
      <ModulePath>c:\program files\dotnet\shared\Microsoft.NETCore.App\3.1.10\System.Runtime.dll</ModulePath>
      <ModuleTime>2020-10-19T18:22:58Z</ModuleTime>
      <ModuleName>System.Runtime</ModuleName>
      <Classes />
    </Module>
    <Module skippedDueTo="Filter" hash="CA-E0-6F-BE-DF-CF-91-61-85-DE-32-8A-1A-61-C1-B3-9B-71-83-32">
      <ModulePath>c:\program files\dotnet\shared\Microsoft.NETCore.App\3.1.10\System.Diagnostics.Process.dll</ModulePath>
      <ModuleTime>2020-10-19T18:23:06Z</ModuleTime>
      <ModuleName>System.Diagnostics.Process</ModuleName>
      <Classes />
    </Module>
    <Module skippedDueTo="Filter" hash="AD-C3-26-B8-0D-6F-B6-D6-A4-99-5A-C0-BA-16-0F-E9-47-23-69-03">
      <ModulePath>c:\program files\dotnet\shared\Microsoft.NETCore.App\3.1.10\System.ComponentModel.Primitives.dll</ModulePath>
      <ModuleTime>2020-10-19T18:23:02Z</ModuleTime>
      <ModuleName>System.ComponentModel.Primitives</ModuleName>
      <Classes />
    </Module>
    <Module skippedDueTo="Filter" hash="DA-2A-97-F6-AB-CF-3F-37-3F-F0-8A-C0-85-32-54-89-9F-F6-53-E0">
      <ModulePath>c:\program files\dotnet\shared\Microsoft.NETCore.App\3.1.10\System.Runtime.Extensions.dll</ModulePath>
      <ModuleTime>2020-10-19T18:23:00Z</ModuleTime>
      <ModuleName>System.Runtime.Extensions</ModuleName>
      <Classes />
    </Module>
    <Module skippedDueTo="MissingPdb" hash="6A-BB-19-04-5C-19-B5-9A-CD-09-60-41-22-8E-DF-16-A9-15-1D-F6">
      <ModulePath>c:\program files\dotnet\sdk\3.1.404\Microsoft.TestPlatform.CoreUtilities.dll</ModulePath>
      <ModuleTime>2020-10-22T01:42:58Z</ModuleTime>
      <ModuleName>Microsoft.TestPlatform.CoreUtilities</ModuleName>
      <Classes />
    </Module>
    <Module skippedDueTo="MissingPdb" hash="7B-7B-96-4B-CE-03-CB-B8-DA-28-EA-FB-D8-B1-DD-7F-28-46-70-11">
      <ModulePath>c:\program files\dotnet\shared\Microsoft.NETCore.App\3.1.10\netstandard.dll</ModulePath>
      <ModuleTime>2020-10-19T18:22:36Z</ModuleTime>
      <ModuleName>netstandard</ModuleName>
      <Classes />
    </Module>
    <Module skippedDueTo="Filter" hash="11-E6-5B-32-43-B5-89-66-AB-C5-65-04-8A-A9-3D-85-90-54-F7-72">
      <ModulePath>c:\program files\dotnet\shared\Microsoft.NETCore.App\3.1.10\System.Diagnostics.Debug.dll</ModulePath>
      <ModuleTime>2020-10-19T18:23:02Z</ModuleTime>
      <ModuleName>System.Diagnostics.Debug</ModuleName>
      <Classes />
    </Module>
    <Module skippedDueTo="Filter" hash="8A-08-48-31-A0-A1-45-6D-E3-16-A5-78-11-40-43-BB-66-78-40-4D">
      <ModulePath>c:\program files\dotnet\shared\Microsoft.NETCore.App\3.1.10\System.Threading.Thread.dll</ModulePath>
      <ModuleTime>2020-10-19T18:22:40Z</ModuleTime>
      <ModuleName>System.Threading.Thread</ModuleName>
      <Classes />
    </Module>
    <Module skippedDueTo="Filter" hash="82-B8-D6-5A-61-CF-34-B6-60-8F-3C-1C-D9-2C-6F-86-7B-68-64-AE">
      <ModulePath>c:\program files\dotnet\shared\Microsoft.NETCore.App\3.1.10\System.Threading.dll</ModulePath>
      <ModuleTime>2020-10-19T18:23:06Z</ModuleTime>
      <ModuleName>System.Threading</ModuleName>
      <Classes />
    </Module>
    <Module skippedDueTo="Filter" hash="CB-85-DE-FB-96-3E-20-14-0E-0C-B4-0B-EB-BA-C1-AB-F5-53-3D-83">
      <ModulePath>c:\program files\dotnet\shared\Microsoft.NETCore.App\3.1.10\System.Console.dll</ModulePath>
      <ModuleTime>2020-10-19T18:22:38Z</ModuleTime>
      <ModuleName>System.Console</ModuleName>
      <Classes />
    </Module>
    <Module skippedDueTo="Filter" hash="12-D8-4D-52-F5-0A-5E-E4-67-74-E1-49-6E-70-6F-81-B0-12-9E-B1">
      <ModulePath>c:\program files\dotnet\shared\Microsoft.NETCore.App\3.1.10\System.Text.Encoding.Extensions.dll</ModulePath>
      <ModuleTime>2020-10-19T18:23:04Z</ModuleTime>
      <ModuleName>System.Text.Encoding.Extensions</ModuleName>
      <Classes />
    </Module>
    <Module skippedDueTo="Filter" hash="4B-21-E4-CE-36-EC-84-FD-BA-09-F4-B3-61-80-FF-63-F0-43-E0-3E">
      <ModulePath>c:\program files\dotnet\shared\Microsoft.NETCore.App\3.1.10\System.Diagnostics.Tracing.dll</ModulePath>
      <ModuleTime>2020-10-19T18:23:04Z</ModuleTime>
      <ModuleName>System.Diagnostics.Tracing</ModuleName>
      <Classes />
    </Module>
    <Module skippedDueTo="Filter" hash="37-BA-20-C6-4A-63-6E-F7-8E-BD-1E-0F-36-D6-8C-5A-5E-79-38-14">
      <ModulePath>c:\program files\dotnet\shared\Microsoft.NETCore.App\3.1.10\System.Collections.dll</ModulePath>
      <ModuleTime>2020-10-19T18:22:36Z</ModuleTime>
      <ModuleName>System.Collections</ModuleName>
      <Classes />
    </Module>
    <Module skippedDueTo="MissingPdb" hash="EA-44-3B-EC-07-E4-5C-27-D8-E9-6F-02-5C-B9-81-9B-10-2C-B1-B7">
      <ModulePath>c:\program files\dotnet\sdk\3.1.404\Microsoft.VisualStudio.TestPlatform.ObjectModel.dll</ModulePath>
      <ModuleTime>2020-10-22T01:43:42Z</ModuleTime>
      <ModuleName>Microsoft.VisualStudio.TestPlatform.ObjectModel</ModuleName>
      <Classes />
    </Module>
    <Module skippedDueTo="MissingPdb" hash="2A-63-AB-3D-46-87-D5-05-28-50-4D-66-58-19-C6-88-03-AD-DD-BB">
      <ModulePath>c:\program files\dotnet\sdk\3.1.404\Microsoft.VisualStudio.TestPlatform.Client.dll</ModulePath>
      <ModuleTime>2020-10-22T01:43:00Z</ModuleTime>
      <ModuleName>Microsoft.VisualStudio.TestPlatform.Client</ModuleName>
      <Classes />
    </Module>
    <Module skippedDueTo="MissingPdb" hash="D3-82-6C-96-A4-B5-D8-1E-AC-D3-33-70-08-0F-84-C6-D3-0D-CA-82">
      <ModulePath>c:\program files\dotnet\sdk\3.1.404\Microsoft.VisualStudio.TestPlatform.Common.dll</ModulePath>
      <ModuleTime>2020-10-22T01:43:42Z</ModuleTime>
      <ModuleName>Microsoft.VisualStudio.TestPlatform.Common</ModuleName>
      <Classes />
    </Module>
    <Module skippedDueTo="Filter" hash="1A-3A-A4-9D-C4-E9-95-A7-A5-02-F5-AD-75-E1-03-FF-BE-83-44-12">
      <ModulePath>c:\program files\dotnet\shared\Microsoft.NETCore.App\3.1.10\System.Linq.dll</ModulePath>
      <ModuleTime>2020-10-19T18:23:08Z</ModuleTime>
      <ModuleName>System.Linq</ModuleName>
      <Classes />
    </Module>
    <Module skippedDueTo="Filter" hash="F2-7C-26-2D-CB-F7-47-72-A0-D9-BA-C2-E8-05-FE-46-55-8D-5A-E5">
      <ModulePath>c:\program files\dotnet\shared\Microsoft.NETCore.App\3.1.10\System.Runtime.InteropServices.dll</ModulePath>
      <ModuleTime>2020-10-19T18:23:00Z</ModuleTime>
      <ModuleName>System.Runtime.InteropServices</ModuleName>
      <Classes />
    </Module>
    <Module skippedDueTo="Filter" hash="D6-30-0A-8E-93-E5-0A-10-D7-7F-F1-3A-29-3C-F2-74-86-BB-FB-E4">
      <ModulePath>c:\program files\dotnet\shared\Microsoft.NETCore.App\3.1.10\System.Resources.ResourceManager.dll</ModulePath>
      <ModuleTime>2020-10-19T18:22:56Z</ModuleTime>
      <ModuleName>System.Resources.ResourceManager</ModuleName>
      <Classes />
    </Module>
    <Module skippedDueTo="MissingPdb" hash="5F-F7-9A-9A-7B-A2-EF-65-D5-CF-09-90-EE-0E-D5-A9-77-51-04-1F">
      <ModulePath>c:\program files\dotnet\sdk\3.1.404\fr\vstest.console.resources.dll</ModulePath>
      <ModuleTime>2020-07-03T08:19:34Z</ModuleTime>
      <ModuleName>vstest.console.resources</ModuleName>
      <Classes />
    </Module>
    <Module skippedDueTo="Filter" hash="A4-47-4D-5B-7D-B1-B1-30-92-13-31-F4-97-39-B9-18-8C-D2-25-90">
      <ModulePath>c:\program files\dotnet\shared\Microsoft.NETCore.App\3.1.10\System.IO.FileSystem.dll</ModulePath>
      <ModuleTime>2020-10-19T18:22:40Z</ModuleTime>
      <ModuleName>System.IO.FileSystem</ModuleName>
      <Classes />
    </Module>
    <Module skippedDueTo="Filter" hash="8A-E6-E5-E6-A7-53-B9-C3-4E-D3-5F-5A-B7-04-24-AA-71-ED-32-EF">
      <ModulePath>c:\program files\dotnet\shared\Microsoft.NETCore.App\3.1.10\System.Xml.ReaderWriter.dll</ModulePath>
      <ModuleTime>2020-10-19T18:22:38Z</ModuleTime>
      <ModuleName>System.Xml.ReaderWriter</ModuleName>
      <Classes />
    </Module>
[...]
          <FullName>banque_simple.CompteTest</FullName>
          <Methods>
            <Method visited="true" cyclomaticComplexity="1" nPathComplexity="0" sequenceCoverage="100" branchCoverage="100" crapScore="1" isConstructor="false" isStatic="false" isGetter="false" isSetter="false">
              <Summary numSequencePoints="3" visitedSequencePoints="3" numBranchPoints="1" visitedBranchPoints="1" sequenceCoverage="100" branchCoverage="100" maxCyclomaticComplexity="1" minCyclomaticComplexity="1" maxCrapScore="1" minCrapScore="1" visitedClasses="0" numClasses="0" visitedMethods="1" numMethods="1" />
              <MetadataToken>100663313</MetadataToken>
              <Name>System.Void banque_simple.CompteTest::setUp()</Name>
              <FileRef uid="116" />
              <SequencePoints>
                <SequencePoint vc="8" uspid="2375" ordinal="0" offset="0" sl="11" sc="29" el="11" ec="30" bec="0" bev="0" fileid="116" />
                <SequencePoint vc="8" uspid="2376" ordinal="1" offset="1" sl="12" sc="13" el="12" ec="71" bec="0" bev="0" fileid="116" />
                <SequencePoint vc="8" uspid="2377" ordinal="2" offset="31" sl="13" sc="9" el="13" ec="10" bec="0" bev="0" fileid="116" />
              </SequencePoints>
              <BranchPoints />
              <MethodPoint xsi:type="SequencePoint" vc="8" uspid="2375" ordinal="0" offset="0" sl="11" sc="29" el="11" ec="30" bec="0" bev="0" fileid="116" />
            </Method>
            <Method visited="true" cyclomaticComplexity="1" nPathComplexity="0" sequenceCoverage="100" branchCoverage="100" crapScore="1" isConstructor="false" isStatic="false" isGetter="false" isSetter="false">
              <Summary numSequencePoints="4" visitedSequencePoints="4" numBranchPoints="1" visitedBranchPoints="1" sequenceCoverage="100" branchCoverage="100" maxCyclomaticComplexity="1" minCyclomaticComplexity="1" maxCrapScore="1" minCrapScore="1" visitedClasses="0" numClasses="0" visitedMethods="1" numMethods="1" />
              <MetadataToken>100663314</MetadataToken>
              <Name>System.Void banque_simple.CompteTest::testCompte()</Name>
              <FileRef uid="116" />
              <SequencePoints>
                <SequencePoint vc="1" uspid="2378" ordinal="0" offset="0" sl="16" sc="34" el="16" ec="35" bec="0" bev="0" fileid="116" />
                <SequencePoint vc="1" uspid="2379" ordinal="1" offset="1" sl="17" sc="13" el="17" ec="42" bec="0" bev="0" fileid="116" />
                <SequencePoint vc="1" uspid="2380" ordinal="2" offset="7" sl="18" sc="13" el="18" ec="38" bec="0" bev="0" fileid="116" />
                <SequencePoint vc="1" uspid="2381" ordinal="3" offset="14" sl="19" sc="9" el="19" ec="10" bec="0" bev="0" fileid="116" />
              </SequencePoints>
              <BranchPoints />
              <MethodPoint xsi:type="SequencePoint" vc="1" uspid="2378" ordinal="0" offset="0" sl="16" sc="34" el="16" ec="35" bec="0" bev="0" fileid="116" />
            </Method>
            <Method visited="true" cyclomaticComplexity="1" nPathComplexity="0" sequenceCoverage="100" branchCoverage="100" crapScore="1" isConstructor="false" isStatic="false" isGetter="false" isSetter="false">
              <Summary numSequencePoints="7" visitedSequencePoints="7" numBranchPoints="1" visitedBranchPoints="1" sequenceCoverage="100" branchCoverage="100" maxCyclomaticComplexity="1" minCyclomaticComplexity="1" maxCrapScore="1" minCrapScore="1" visitedClasses="0" numClasses="0" visitedMethods="1" numMethods="1" />
              <MetadataToken>100663315</MetadataToken>
              <Name>System.Void banque_simple.CompteTest::testCompteLongDoubleString()</Name>
              <FileRef uid="116" />
              <SequencePoints>
                <SequencePoint vc="1" uspid="2382" ordinal="0" offset="0" sl="22" sc="50" el="22" ec="51" bec="0" bev="0" fileid="116" />
                <SequencePoint vc="1" uspid="2383" ordinal="1" offset="1" sl="23" sc="13" el="23" ec="78" bec="0" bev="0" fileid="116" />
                <SequencePoint vc="1" uspid="2384" ordinal="2" offset="26" sl="24" sc="13" el="24" ec="38" bec="0" bev="0" fileid="116" />
                <SequencePoint vc="1" uspid="2385" ordinal="3" offset="33" sl="25" sc="13" el="25" ec="52" bec="0" bev="0" fileid="116" />
                <SequencePoint vc="1" uspid="2386" ordinal="4" offset="60" sl="26" sc="13" el="26" ec="55" bec="0" bev="0" fileid="116" />
                <SequencePoint vc="1" uspid="2387" ordinal="5" offset="90" sl="27" sc="13" el="27" ec="74" bec="0" bev="0" fileid="116" />
                <SequencePoint vc="1" uspid="2388" ordinal="6" offset="107" sl="28" sc="9" el="28" ec="10" bec="0" bev="0" fileid="116" />
              </SequencePoints>
              <BranchPoints />
              <MethodPoint xsi:type="SequencePoint" vc="1" uspid="2382" ordinal="0" offset="0" sl="22" sc="50" el="22" ec="51" bec="0" bev="0" fileid="116" />
            </Method>
            <Method visited="true" cyclomaticComplexity="1" nPathComplexity="0" sequenceCoverage="100" branchCoverage="100" crapScore="1" isConstructor="false" isStatic="false" isGetter="false" isSetter="false">
              <Summary numSequencePoints="3" visitedSequencePoints="3" numBranchPoints="1" visitedBranchPoints="1" sequenceCoverage="100" branchCoverage="100" maxCyclomaticComplexity="1" minCyclomaticComplexity="1" maxCrapScore="1" minCrapScore="1" visitedClasses="0" numClasses="0" visitedMethods="1" numMethods="1" />
              <MetadataToken>100663316</MetadataToken>
              <Name>System.Void banque_simple.CompteTest::testGetNumero()</Name>
              <FileRef uid="116" />
              <SequencePoints>
                <SequencePoint vc="1" uspid="2389" ordinal="0" offset="0" sl="31" sc="37" el="31" ec="38" bec="0" bev="0" fileid="116" />
                <SequencePoint vc="1" uspid="2390" ordinal="1" offset="1" sl="32" sc="13" el="32" ec="52" bec="0" bev="0" fileid="116" />
                <SequencePoint vc="1" uspid="2391" ordinal="2" offset="33" sl="33" sc="9" el="33" ec="10" bec="0" bev="0" fileid="116" />
              </SequencePoints>
              <BranchPoints />
              <MethodPoint xsi:type="SequencePoint" vc="1" uspid="2389" ordinal="0" offset="0" sl="31" sc="37" el="31" ec="38" bec="0" bev="0" fileid="116" />
            </Method>
            <Method visited="true" cyclomaticComplexity="1" nPathComplexity="0" sequenceCoverage="100" branchCoverage="100" crapScore="1" isConstructor="false" isStatic="false" isGetter="false" isSetter="false">
              <Summary numSequencePoints="4" visitedSequencePoints="4" numBranchPoints="1" visitedBranchPoints="1" sequenceCoverage="100" branchCoverage="100" maxCyclomaticComplexity="1" minCyclomaticComplexity="1" maxCrapScore="1" minCrapScore="1" visitedClasses="0" numClasses="0" visitedMethods="1" numMethods="1" />
              <MetadataToken>100663317</MetadataToken>
              <Name>System.Void banque_simple.CompteTest::testSetNumero()</Name>
              <FileRef uid="116" />
              <SequencePoints>
                <SequencePoint vc="1" uspid="2392" ordinal="0" offset="0" sl="36" sc="37" el="36" ec="38" bec="0" bev="0" fileid="116" />
                <SequencePoint vc="1" uspid="2393" ordinal="1" offset="1" sl="37" sc="13" el="37" ec="36" bec="0" bev="0" fileid="116" />
                <SequencePoint vc="1" uspid="2394" ordinal="2" offset="18" sl="38" sc="13" el="38" ec="52" bec="0" bev="0" fileid="116" />
                <SequencePoint vc="1" uspid="2395" ordinal="3" offset="50" sl="39" sc="9" el="39" ec="10" bec="0" bev="0" fileid="116" />
              </SequencePoints>
              <BranchPoints />
              <MethodPoint xsi:type="SequencePoint" vc="1" uspid="2392" ordinal="0" offset="0" sl="36" sc="37" el="36" ec="38" bec="0" bev="0" fileid="116" />
            </Method>
            <Method visited="true" cyclomaticComplexity="1" nPathComplexity="0" sequenceCoverage="100" branchCoverage="100" crapScore="1" isConstructor="false" isStatic="false" isGetter="false" isSetter="false">
              <Summary numSequencePoints="3" visitedSequencePoints="3" numBranchPoints="1" visitedBranchPoints="1" sequenceCoverage="100" branchCoverage="100" maxCyclomaticComplexity="1" minCyclomaticComplexity="1" maxCrapScore="1" minCrapScore="1" visitedClasses="0" numClasses="0" visitedMethods="1" numMethods="1" />
              <MetadataToken>100663318</MetadataToken>
              <Name>System.Void banque_simple.CompteTest::testGetSolde()</Name>
              <FileRef uid="116" />
              <SequencePoints>
                <SequencePoint vc="1" uspid="2396" ordinal="0" offset="0" sl="42" sc="36" el="42" ec="37" bec="0" bev="0" fileid="116" />
                <SequencePoint vc="1" uspid="2397" ordinal="1" offset="1" sl="43" sc="13" el="43" ec="55" bec="0" bev="0" fileid="116" />
                <SequencePoint vc="1" uspid="2398" ordinal="2" offset="36" sl="44" sc="9" el="44" ec="10" bec="0" bev="0" fileid="116" />
              </SequencePoints>
              <BranchPoints />
              <MethodPoint xsi:type="SequencePoint" vc="1" uspid="2396" ordinal="0" offset="0" sl="42" sc="36" el="42" ec="37" bec="0" bev="0" fileid="116" />
            </Method>
            <Method visited="true" cyclomaticComplexity="1" nPathComplexity="0" sequenceCoverage="100" branchCoverage="100" crapScore="1" isConstructor="false" isStatic="false" isGetter="false" isSetter="false">
              <Summary numSequencePoints="4" visitedSequencePoints="4" numBranchPoints="1" visitedBranchPoints="1" sequenceCoverage="100" branchCoverage="100" maxCyclomaticComplexity="1" minCyclomaticComplexity="1" maxCrapScore="1" minCrapScore="1" visitedClasses="0" numClasses="0" visitedMethods="1" numMethods="1" />
              <MetadataToken>100663319</MetadataToken>
              <Name>System.Void banque_simple.CompteTest::testSetSolde()</Name>
              <FileRef uid="116" />
              <SequencePoints>
                <SequencePoint vc="1" uspid="2399" ordinal="0" offset="0" sl="47" sc="36" el="47" ec="37" bec="0" bev="0" fileid="116" />
                <SequencePoint vc="1" uspid="2400" ordinal="1" offset="1" sl="48" sc="13" el="48" ec="36" bec="0" bev="0" fileid="116" />
                <SequencePoint vc="1" uspid="2401" ordinal="2" offset="22" sl="49" sc="13" el="49" ec="55" bec="0" bev="0" fileid="116" />
                <SequencePoint vc="1" uspid="2402" ordinal="3" offset="57" sl="50" sc="9" el="50" ec="10" bec="0" bev="0" fileid="116" />
              </SequencePoints>
              <BranchPoints />
              <MethodPoint xsi:type="SequencePoint" vc="1" uspid="2399" ordinal="0" offset="0" sl="47" sc="36" el="47" ec="37" bec="0" bev="0" fileid="116" />
            </Method>
            <Method visited="true" cyclomaticComplexity="1" nPathComplexity="0" sequenceCoverage="100" branchCoverage="100" crapScore="1" isConstructor="false" isStatic="false" isGetter="false" isSetter="false">
              <Summary numSequencePoints="3" visitedSequencePoints="3" numBranchPoints="1" visitedBranchPoints="1" sequenceCoverage="100" branchCoverage="100" maxCyclomaticComplexity="1" minCyclomaticComplexity="1" maxCrapScore="1" minCrapScore="1" visitedClasses="0" numClasses="0" visitedMethods="1" numMethods="1" />
              <MetadataToken>100663320</MetadataToken>
              <Name>System.Void banque_simple.CompteTest::testGetReferenceClient()</Name>
              <FileRef uid="116" />
              <SequencePoints>
                <SequencePoint vc="1" uspid="2403" ordinal="0" offset="0" sl="53" sc="46" el="53" ec="47" bec="0" bev="0" fileid="116" />
                <SequencePoint vc="1" uspid="2404" ordinal="1" offset="1" sl="54" sc="13" el="54" ec="74" bec="0" bev="0" fileid="116" />
                <SequencePoint vc="1" uspid="2405" ordinal="2" offset="23" sl="55" sc="9" el="55" ec="10" bec="0" bev="0" fileid="116" />
              </SequencePoints>
              <BranchPoints />
              <MethodPoint xsi:type="SequencePoint" vc="1" uspid="2403" ordinal="0" offset="0" sl="53" sc="46" el="53" ec="47" bec="0" bev="0" fileid="116" />
            </Method>
            <Method visited="true" cyclomaticComplexity="1" nPathComplexity="0" sequenceCoverage="100" branchCoverage="100" crapScore="1" isConstructor="false" isStatic="false" isGetter="false" isSetter="false">
              <Summary numSequencePoints="4" visitedSequencePoints="4" numBranchPoints="1" visitedBranchPoints="1" sequenceCoverage="100" branchCoverage="100" maxCyclomaticComplexity="1" minCyclomaticComplexity="1" maxCrapScore="1" minCrapScore="1" visitedClasses="0" numClasses="0" visitedMethods="1" numMethods="1" />
              <MetadataToken>100663321</MetadataToken>
              <Name>System.Void banque_simple.CompteTest::testSetReferenceClient()</Name>
              <FileRef uid="116" />
              <SequencePoints>
                <SequencePoint vc="1" uspid="2406" ordinal="0" offset="0" sl="58" sc="46" el="58" ec="47" bec="0" bev="0" fileid="116" />
                <SequencePoint vc="1" uspid="2407" ordinal="1" offset="1" sl="59" sc="13" el="59" ec="59" bec="0" bev="0" fileid="116" />
                <SequencePoint vc="1" uspid="2408" ordinal="2" offset="18" sl="60" sc="13" el="60" ec="75" bec="0" bev="0" fileid="116" />
                <SequencePoint vc="1" uspid="2409" ordinal="3" offset="40" sl="61" sc="9" el="61" ec="10" bec="0" bev="0" fileid="116" />
              </SequencePoints>
              <BranchPoints />
              <MethodPoint xsi:type="SequencePoint" vc="1" uspid="2406" ordinal="0" offset="0" sl="58" sc="46" el="58" ec="47" bec="0" bev="0" fileid="116" />
            </Method>
            <Method visited="false" cyclomaticComplexity="1" nPathComplexity="0" sequenceCoverage="0" branchCoverage="0" crapScore="2" isConstructor="true" isStatic="false" isGetter="false" isSetter="false">
              <Summary numSequencePoints="0" visitedSequencePoints="0" numBranchPoints="0" visitedBranchPoints="0" sequenceCoverage="0" branchCoverage="0" maxCyclomaticComplexity="1" minCyclomaticComplexity="1" maxCrapScore="2" minCrapScore="2" visitedClasses="0" numClasses="0" visitedMethods="0" numMethods="0" />
              <MetadataToken>100663322</MetadataToken>
              <Name>System.Void banque_simple.CompteTest::.ctor()</Name>
              <SequencePoints />
              <BranchPoints />
              <MethodPoint vc="0" uspid="2410" ordinal="0" offset="0" />
            </Method>
          </Methods>
        </Class>
      </Classes>
    </Module>
    <Module skippedDueTo="MissingPdb" hash="16-2A-6A-6B-DF-CD-D6-7C-53-72-D1-C2-AE-69-5C-68-F9-E9-F2-2D">
      <ModulePath>C:\Users\Etienne\Desktop\TACFDEV31 - Qualité logicielle dans les développements objets\projets-tp\csharp\banque-csharp\bin\Debug\netcoreapp3.1\nunit.framework.dll</ModulePath>
      <ModuleTime>2019-05-14T21:37:24Z</ModuleTime>
      <ModuleName>nunit.framework</ModuleName>
      <Classes />
    </Module>
    <Module skippedDueTo="Filter" hash="CB-85-DE-FB-96-3E-20-14-0E-0C-B4-0B-EB-BA-C1-AB-F5-53-3D-83">
      <ModulePath>C:\Program Files\dotnet\shared\Microsoft.NETCore.App\3.1.10\System.Console.dll</ModulePath>
      <ModuleTime>2020-10-19T18:22:38Z</ModuleTime>
      <ModuleName>System.Console</ModuleName>
      <Classes />
    </Module>
    <Module skippedDueTo="Filter" hash="C4-AF-17-21-F7-89-66-F7-16-6B-96-49-7A-FC-E4-51-7D-45-E2-D9">
      <ModulePath>C:\Program Files\dotnet\shared\Microsoft.NETCore.App\3.1.10\System.Collections.Concurrent.dll</ModulePath>
      <ModuleTime>2020-10-19T18:22:38Z</ModuleTime>
      <ModuleName>System.Collections.Concurrent</ModuleName>
      <Classes />
    </Module>
    <Module skippedDueTo="MissingPdb" hash="C3-CB-6D-35-0C-69-E4-18-98-3F-B5-76-DF-01-A6-CA-AD-3F-90-76">
      <ModulePath>C:\Users\Etienne\Desktop\TACFDEV31 - Qualité logicielle dans les développements objets\projets-tp\csharp\banque-csharp\bin\Debug\netcoreapp3.1\WebDriver.dll</ModulePath>
      <ModuleTime>2018-10-31T08:53:56Z</ModuleTime>
      <ModuleName>WebDriver</ModuleName>
      <Classes />
    </Module>
    <Module skippedDueTo="Filter" hash="A2-F8-94-4D-07-C8-26-44-BB-78-00-5A-7C-AB-72-AB-44-84-86-58">
      <ModulePath>C:\Program Files\dotnet\shared\Microsoft.NETCore.App\3.1.10\System.Net.ServicePoint.dll</ModulePath>
      <ModuleTime>2020-10-19T18:22:54Z</ModuleTime>
      <ModuleName>System.Net.ServicePoint</ModuleName>
      <Classes />
    </Module>
    <Module skippedDueTo="Filter" hash="F9-B6-AF-5F-90-F0-23-F4-ED-7D-2F-B4-0C-43-DF-C7-11-B8-A7-9C">
      <ModulePath>C:\Program Files\dotnet\shared\Microsoft.NETCore.App\3.1.10\System.Net.Security.dll</ModulePath>
      <ModuleTime>2020-10-19T18:22:56Z</ModuleTime>
      <ModuleName>System.Net.Security</ModuleName>
      <Classes />
    </Module>
    <Module skippedDueTo="Filter" hash="B9-42-75-04-8A-84-DA-13-6C-36-E2-24-0A-4A-43-2A-48-B6-40-67">
      <ModulePath>C:\Program Files\dotnet\shared\Microsoft.NETCore.App\3.1.10\System.Net.Requests.dll</ModulePath>
      <ModuleTime>2020-10-19T18:22:58Z</ModuleTime>
      <ModuleName>System.Net.Requests</ModuleName>
      <Classes />
    </Module>
    <Module skippedDueTo="Filter" hash="71-93-55-A6-CD-94-DC-6E-59-51-0E-85-D3-C1-40-16-67-F0-1F-90">
      <ModulePath>C:\Program Files\dotnet\shared\Microsoft.NETCore.App\3.1.10\System.Net.WebHeaderCollection.dll</ModulePath>
      <ModuleTime>2020-10-19T18:22:54Z</ModuleTime>
      <ModuleName>System.Net.WebHeaderCollection</ModuleName>
      <Classes />
    </Module>
    <Module skippedDueTo="Filter" hash="5B-53-CD-25-3B-6B-21-21-CC-2F-1B-73-10-FA-83-03-96-4B-05-65">
      <ModulePath>C:\Program Files\dotnet\shared\Microsoft.NETCore.App\3.1.10\System.Net.Http.dll</ModulePath>
      <ModuleTime>2020-10-19T18:22:40Z</ModuleTime>
      <ModuleName>System.Net.Http</ModuleName>
      <Classes />
    </Module>
    <Module skippedDueTo="Filter" hash="CB-A5-AC-8D-7C-92-30-87-74-B0-EA-66-27-35-52-E8-F8-EF-20-22">
      <ModulePath>C:\Program Files\dotnet\shared\Microsoft.NETCore.App\3.1.10\System.Text.RegularExpressions.dll</ModulePath>
      <ModuleTime>2020-10-19T18:23:08Z</ModuleTime>
      <ModuleName>System.Text.RegularExpressions</ModuleName>
      <Classes />
    </Module>
    <Module skippedDueTo="Filter" hash="CF-AB-92-8C-3D-EA-70-B2-1B-7E-14-46-F8-C8-F5-CB-43-11-2C-8F">
      <ModulePath>C:\Program Files\dotnet\shared\Microsoft.NETCore.App\3.1.10\System.Net.NetworkInformation.dll</ModulePath>
      <ModuleTime>2020-10-19T18:23:10Z</ModuleTime>
      <ModuleName>System.Net.NetworkInformation</ModuleName>
      <Classes />
    </Module>
    <Module skippedDueTo="Filter" hash="A8-29-86-32-63-C1-C4-80-E5-1F-75-AD-85-4B-33-BB-23-2B-61-19">
      <ModulePath>C:\Program Files\dotnet\shared\Microsoft.NETCore.App\3.1.10\System.Security.Cryptography.X509Certificates.dll</ModulePath>
      <ModuleTime>2020-10-19T18:23:04Z</ModuleTime>
      <ModuleName>System.Security.Cryptography.X509Certificates</ModuleName>
      <Classes />
    </Module>
    <Module skippedDueTo="Filter" hash="33-93-24-B7-CE-F8-5F-8B-39-90-DC-9F-64-13-AA-44-60-A7-57-60">
      <ModulePath>C:\Program Files\dotnet\shared\Microsoft.NETCore.App\3.1.10\System.Security.Cryptography.Primitives.dll</ModulePath>
      <ModuleTime>2020-10-19T18:23:02Z</ModuleTime>
      <ModuleName>System.Security.Cryptography.Primitives</ModuleName>
      <Classes />
    </Module>
    <Module skippedDueTo="Filter" hash="C9-F5-39-D9-32-9F-0C-D0-24-DD-08-4D-3F-D2-15-97-78-90-28-19">
      <ModulePath>C:\Program Files\dotnet\shared\Microsoft.NETCore.App\3.1.10\System.Diagnostics.DiagnosticSource.dll</ModulePath>
      <ModuleTime>2020-10-19T18:22:38Z</ModuleTime>
      <ModuleName>System.Diagnostics.DiagnosticSource</ModuleName>
      <Classes />
    </Module>
  </Modules>
</CoverageSession>